Using pre-set license
Built from '2021.3/staging' branch; Version is '2021.3.11f1 (0a5ca18544bf) revision 679073'; Using compiler version '192829333'; Build Type 'Release'
OS: 'Windows 10  (10.0.19042) 64bit Professional' Language: 'ru' Physical Memory: 16326 MB
BatchMode: 1, IsHumanControllingUs: 0, StartBugReporterOnCrash: 0, Is64bit: 1, IsPro: 1

COMMAND LINE ARGUMENTS:
E:\Engines\Unity\2021.3.11f1\Editor\Unity.exe
-adb2
-batchMode
-noUpm
-name
AssetImportWorker1
-projectPath
E:/Unity/GridInventory/GridInventory
-logFile
Logs/AssetImportWorker1.log
-srvPort
61561
Successfully changed project path to: E:/Unity/GridInventory/GridInventory
E:/Unity/GridInventory/GridInventory
[UnityMemory] Configuration Parameters - Can be set up in boot.config
    "memorysetup-bucket-allocator-granularity=16"
    "memorysetup-bucket-allocator-bucket-count=8"
    "memorysetup-bucket-allocator-block-size=33554432"
    "memorysetup-bucket-allocator-block-count=8"
    "memorysetup-main-allocator-block-size=16777216"
    "memorysetup-thread-allocator-block-size=16777216"
    "memorysetup-gfx-main-allocator-block-size=16777216"
    "memorysetup-gfx-thread-allocator-block-size=16777216"
    "memorysetup-cache-allocator-block-size=4194304"
    "memorysetup-typetree-allocator-block-size=2097152"
    "memorysetup-profiler-bucket-allocator-granularity=16"
    "memorysetup-profiler-bucket-allocator-bucket-count=8"
    "memorysetup-profiler-bucket-allocator-block-size=33554432"
    "memorysetup-profiler-bucket-allocator-block-count=8"
    "memorysetup-profiler-allocator-block-size=16777216"
    "memorysetup-profiler-editor-allocator-block-size=1048576"
    "memorysetup-temp-allocator-size-main=16777216"
    "memorysetup-job-temp-allocator-block-size=2097152"
    "memorysetup-job-temp-allocator-block-size-background=1048576"
    "memorysetup-job-temp-allocator-reduction-small-platforms=262144"
    "memorysetup-temp-allocator-size-background-worker=32768"
    "memorysetup-temp-allocator-size-job-worker=262144"
    "memorysetup-temp-allocator-size-preload-manager=33554432"
    "memorysetup-temp-allocator-size-nav-mesh-worker=65536"
    "memorysetup-temp-allocator-size-audio-worker=65536"
    "memorysetup-temp-allocator-size-cloud-worker=32768"
    "memorysetup-temp-allocator-size-gi-baking-worker=262144"
    "memorysetup-temp-allocator-size-gfx=262144"
Refreshing native plugins compatible for Editor in 98.28 ms, found 3 plugins.
Preloading 0 native plugins for Editor in 0.00 ms.
Initialize engine version: 2021.3.11f1 (0a5ca18544bf)
[Subsystems] Discovering subsystems at path E:/Engines/Unity/2021.3.11f1/Editor/Data/Resources/UnitySubsystems
[Subsystems] Discovering subsystems at path E:/Unity/GridInventory/GridInventory/Assets
GfxDevice: creating device client; threaded=0; jobified=0
Direct3D:
    Version:  Direct3D 11.0 [level 11.1]
    Renderer: NVIDIA GeForce GTX 960 (ID=0x1401)
    Vendor:   NVIDIA
    VRAM:     4053 MB
    Driver:   30.0.15.1215
Initialize mono
Mono path[0] = 'E:/Engines/Unity/2021.3.11f1/Editor/Data/Managed'
Mono path[1] = 'E:/Engines/Unity/2021.3.11f1/Editor/Data/MonoBleedingEdge/lib/mono/unityjit-win32'
Mono config path = 'E:/Engines/Unity/2021.3.11f1/Editor/Data/MonoBleedingEdge/etc'
Using monoOptions --debugger-agent=transport=dt_socket,embedding=1,server=y,suspend=n,address=127.0.0.1:56872
Begin MonoManager ReloadAssembly
Registering precompiled unity dll's ...
Register platform support module: E:/Engines/Unity/2021.3.11f1/Editor/Data/PlaybackEngines/WindowsStandaloneSupport/UnityEditor.WindowsStandalone.Extensions.dll
Registered in 0.003429 seconds.
Native extension for WindowsStandalone target not found
Refreshing native plugins compatible for Editor in 94.49 ms, found 3 plugins.
Preloading 0 native plugins for Editor in 0.00 ms.
Mono: successfully reloaded assembly
- Completed reload, in  0.769 seconds
Domain Reload Profiling:
	ReloadAssembly (770ms)
		BeginReloadAssembly (107ms)
			ExecutionOrderSort (0ms)
			DisableScriptedObjects (0ms)
			BackupInstance (0ms)
			ReleaseScriptingObjects (0ms)
			CreateAndSetChildDomain (1ms)
		EndReloadAssembly (537ms)
			LoadAssemblies (107ms)
			RebuildTransferFunctionScriptingTraits (0ms)
			SetupTypeCache (131ms)
			ReleaseScriptCaches (0ms)
			RebuildScriptCaches (36ms)
			SetupLoadedEditorAssemblies (310ms)
				LogAssemblyErrors (0ms)
				InitializePlatformSupportModulesInManaged (8ms)
				SetLoadedEditorAssemblies (0ms)
				RefreshPlugins (95ms)
				BeforeProcessingInitializeOnLoad (2ms)
				ProcessInitializeOnLoadAttributes (150ms)
				ProcessInitializeOnLoadMethodAttributes (55ms)
				AfterProcessingInitializeOnLoad (0ms)
				EditorAssembliesLoaded (0ms)
			ExecutionOrderSort2 (0ms)
			AwakeInstancesAfterBackupRestoration (0ms)
Platform modules already initialized, skipping
Registering precompiled user dll's ...
Registered in 0.006542 seconds.
Begin MonoManager ReloadAssembly
Symbol file LoadedFromMemory doesn't match image E:\Unity\GridInventory\GridInventory\Library\PackageCache\com.unity.visualscripting@1.7.8\Editor\VisualScripting.Core\Dependencies\YamlDotNet\Unity.VisualScripting.YamlDotNet.dll
Symbol file LoadedFromMemory doesn't match image E:\Unity\GridInventory\GridInventory\Library\PackageCache\com.unity.visualscripting@1.7.8\Editor\VisualScripting.Core\Dependencies\DotNetZip\Unity.VisualScripting.IonicZip.dll
Native extension for WindowsStandalone target not found
Refreshing native plugins compatible for Editor in 0.98 ms, found 3 plugins.
Preloading 0 native plugins for Editor in 0.00 ms.
Mono: successfully reloaded assembly
- Completed reload, in  7.127 seconds
Domain Reload Profiling:
	ReloadAssembly (7128ms)
		BeginReloadAssembly (159ms)
			ExecutionOrderSort (0ms)
			DisableScriptedObjects (10ms)
			BackupInstance (0ms)
			ReleaseScriptingObjects (0ms)
			CreateAndSetChildDomain (24ms)
		EndReloadAssembly (6777ms)
			LoadAssemblies (3068ms)
			RebuildTransferFunctionScriptingTraits (0ms)
			SetupTypeCache (1492ms)
			ReleaseScriptCaches (1ms)
			RebuildScriptCaches (75ms)
			SetupLoadedEditorAssemblies (2101ms)
				LogAssemblyErrors (0ms)
				InitializePlatformSupportModulesInManaged (7ms)
				SetLoadedEditorAssemblies (1ms)
				RefreshPlugins (1ms)
				BeforeProcessingInitializeOnLoad (111ms)
				ProcessInitializeOnLoadAttributes (440ms)
				ProcessInitializeOnLoadMethodAttributes (1537ms)
				AfterProcessingInitializeOnLoad (4ms)
				EditorAssembliesLoaded (0ms)
			ExecutionOrderSort2 (0ms)
			AwakeInstancesAfterBackupRestoration (8ms)
Platform modules already initialized, skipping
========================================================================
Worker process is ready to serve import requests
Launched and connected shader compiler UnityShaderCompiler.exe after 0.19 seconds
Refreshing native plugins compatible for Editor in 0.71 ms, found 3 plugins.
Preloading 0 native plugins for Editor in 0.00 ms.
Unloading 3380 Unused Serialized files (Serialized files now loaded: 0)
Unloading 27 unused Assets / (113.3 KB). Loaded Objects now: 3838.
Memory consumption went from 116.3 MB to 116.1 MB.
Total: 3.665700 ms (FindLiveObjects: 0.306700 ms CreateObjectMapping: 0.148600 ms MarkObjects: 3.087800 ms  DeleteObjects: 0.121700 ms)

AssetImportParameters requested are different than current active one (requested -> active):
  custom:video-decoder-ogg-theora: a1e56fd34408186e4bbccfd4996cb3dc -> 
  custom:container-muxer-webm: aa71ff27fc2769a1b78a27578f13a17b -> 
  custom:container-demuxer-webm: 4f35f7cbe854078d1ac9338744f61a02 -> 
  custom:video-encoder-webm-vp8: eb34c28f22e8b96e1ab97ce403110664 -> 
  custom:audio-encoder-webm-vorbis: bf7c407c2cedff20999df2af8eb42d56 -> 
  custom:framework-win-MediaFoundation: 216162199b28c13a410421893ffa2e32 -> 
  custom:container-demuxer-ogg: 62fdf1f143b41e24485cea50d1cbac27 -> 
  custom:video-decoder-webm-vp8: 9c59270c3fd7afecdb556c50c9e8de78 -> 
  custom:audio-decoder-ogg-vorbis: bf7c407c2cedff20999df2af8eb42d56 -> 
========================================================================
Received Import Request.
  Time since last request: 612315.167108 seconds.
  path: Assets/GridInventory
  artifactKey: Guid(d14fe2d2664f4084f988ce9af30d0d7a) Importer(815301076,1909f56bfc062723c751e8b465ee728b)
Start importing Assets/GridInventory using Guid(d14fe2d2664f4084f988ce9af30d0d7a) Importer(815301076,1909f56bfc062723c751e8b465ee728b)  -> (artifact id: '8b6d32c535b1d5e2cbbb153f9f25348b') in 0.032834 seconds 
========================================================================
Received Import Request.
  Time since last request: 7.442289 seconds.
  path: Assets/GridInventory/Square.png
  artifactKey: Guid(3c8cb42eb765c144ab75db70ae5a7eca) Importer(815301076,1909f56bfc062723c751e8b465ee728b)
Start importing Assets/GridInventory/Square.png using Guid(3c8cb42eb765c144ab75db70ae5a7eca) Importer(815301076,1909f56bfc062723c751e8b465ee728b)  -> (artifact id: 'db255ffd6f73e9d19d555bac081e236c') in 0.135590 seconds 
========================================================================
Received Import Request.
  Time since last request: 25.519147 seconds.
  path: Assets/GridInventory/GUI
  artifactKey: Guid(a7961bccf895bac4ab4d429de4ebc305) Importer(815301076,1909f56bfc062723c751e8b465ee728b)
Start importing Assets/GridInventory/GUI using Guid(a7961bccf895bac4ab4d429de4ebc305) Importer(815301076,1909f56bfc062723c751e8b465ee728b)  -> (artifact id: 'd64245110574770c57ec2782b90e0549') in 0.008700 seconds 
========================================================================
Received Import Request.
  Time since last request: 12.447855 seconds.
  path: Assets/GridInventory/GUI/Square.png
  artifactKey: Guid(3c8cb42eb765c144ab75db70ae5a7eca) Importer(815301076,1909f56bfc062723c751e8b465ee728b)
Start importing Assets/GridInventory/GUI/Square.png using Guid(3c8cb42eb765c144ab75db70ae5a7eca) Importer(815301076,1909f56bfc062723c751e8b465ee728b)  -> (artifact id: '15340c1d82dea2ac293162ef34638a46') in 0.011158 seconds 
========================================================================
Received Import Request.
  Time since last request: 17.717298 seconds.
  path: Assets/GridInventory/GUI/Square.png
  artifactKey: Guid(3c8cb42eb765c144ab75db70ae5a7eca) Importer(815301076,1909f56bfc062723c751e8b465ee728b)
Start importing Assets/GridInventory/GUI/Square.png using Guid(3c8cb42eb765c144ab75db70ae5a7eca) Importer(815301076,1909f56bfc062723c751e8b465ee728b)  -> (artifact id: '3ca03858b9ddd24ba602de46422c6994') in 0.093422 seconds 
========================================================================
Received Prepare
Registering precompiled user dll's ...
Registered in 0.006264 seconds.
Begin MonoManager ReloadAssembly
Symbol file LoadedFromMemory doesn't match image E:\Unity\GridInventory\GridInventory\Library\PackageCache\com.unity.visualscripting@1.7.8\Editor\VisualScripting.Core\Dependencies\YamlDotNet\Unity.VisualScripting.YamlDotNet.dll
Symbol file LoadedFromMemory doesn't match image E:\Unity\GridInventory\GridInventory\Library\PackageCache\com.unity.visualscripting@1.7.8\Editor\VisualScripting.Core\Dependencies\DotNetZip\Unity.VisualScripting.IonicZip.dll
Native extension for WindowsStandalone target not found
Refreshing native plugins compatible for Editor in 0.95 ms, found 3 plugins.
Preloading 0 native plugins for Editor in 0.00 ms.
Mono: successfully reloaded assembly
- Completed reload, in  1.339 seconds
Domain Reload Profiling:
	ReloadAssembly (1340ms)
		BeginReloadAssembly (178ms)
			ExecutionOrderSort (0ms)
			DisableScriptedObjects (7ms)
			BackupInstance (0ms)
			ReleaseScriptingObjects (0ms)
			CreateAndSetChildDomain (44ms)
		EndReloadAssembly (1034ms)
			LoadAssemblies (130ms)
			RebuildTransferFunctionScriptingTraits (0ms)
			SetupTypeCache (349ms)
			ReleaseScriptCaches (3ms)
			RebuildScriptCaches (62ms)
			SetupLoadedEditorAssemblies (437ms)
				LogAssemblyErrors (0ms)
				InitializePlatformSupportModulesInManaged (20ms)
				SetLoadedEditorAssemblies (1ms)
				RefreshPlugins (1ms)
				BeforeProcessingInitializeOnLoad (81ms)
				ProcessInitializeOnLoadAttributes (287ms)
				ProcessInitializeOnLoadMethodAttributes (42ms)
				AfterProcessingInitializeOnLoad (5ms)
				EditorAssembliesLoaded (0ms)
			ExecutionOrderSort2 (0ms)
			AwakeInstancesAfterBackupRestoration (9ms)
Platform modules already initialized, skipping
Refreshing native plugins compatible for Editor in 2.47 ms, found 3 plugins.
Preloading 0 native plugins for Editor in 0.00 ms.
Unloading 3375 Unused Serialized files (Serialized files now loaded: 0)
Unloading 20 unused Assets / (79.8 KB). Loaded Objects now: 3847.
Memory consumption went from 120.5 MB to 120.4 MB.
Total: 3.928300 ms (FindLiveObjects: 0.273900 ms CreateObjectMapping: 0.172400 ms MarkObjects: 3.386200 ms  DeleteObjects: 0.094900 ms)

AssetImportParameters requested are different than current active one (requested -> active):
  custom:video-decoder-ogg-theora: a1e56fd34408186e4bbccfd4996cb3dc -> 
  custom:container-muxer-webm: aa71ff27fc2769a1b78a27578f13a17b -> 
  custom:container-demuxer-webm: 4f35f7cbe854078d1ac9338744f61a02 -> 
  custom:video-encoder-webm-vp8: eb34c28f22e8b96e1ab97ce403110664 -> 
  custom:audio-encoder-webm-vorbis: bf7c407c2cedff20999df2af8eb42d56 -> 
  custom:framework-win-MediaFoundation: 216162199b28c13a410421893ffa2e32 -> 
  custom:container-demuxer-ogg: 62fdf1f143b41e24485cea50d1cbac27 -> 
  custom:video-decoder-webm-vp8: 9c59270c3fd7afecdb556c50c9e8de78 -> 
  custom:audio-decoder-ogg-vorbis: bf7c407c2cedff20999df2af8eb42d56 -> 
========================================================================
Received Import Request.
  Time since last request: 285.888386 seconds.
  path: Assets/GridInventory/GUI/Square Shadowed.png
  artifactKey: Guid(6f4dcb4f7f2da72488b229f3d07f597e) Importer(815301076,1909f56bfc062723c751e8b465ee728b)
Start importing Assets/GridInventory/GUI/Square Shadowed.png using Guid(6f4dcb4f7f2da72488b229f3d07f597e) Importer(815301076,1909f56bfc062723c751e8b465ee728b)  -> (artifact id: 'cbd861e34a73847afeae96d6dab62b60') in 0.067602 seconds 
========================================================================
Received Import Request.
  Time since last request: 22.692107 seconds.
  path: Assets/GridInventory/GUI/Square Shadowed.png
  artifactKey: Guid(6f4dcb4f7f2da72488b229f3d07f597e) Importer(815301076,1909f56bfc062723c751e8b465ee728b)
Start importing Assets/GridInventory/GUI/Square Shadowed.png using Guid(6f4dcb4f7f2da72488b229f3d07f597e) Importer(815301076,1909f56bfc062723c751e8b465ee728b)  -> (artifact id: '7edc6960013fb73eca9aac3f03a1fcb3') in 0.036233 seconds 
========================================================================
Received Prepare
Registering precompiled user dll's ...
Registered in 0.006023 seconds.
Begin MonoManager ReloadAssembly
Symbol file LoadedFromMemory doesn't match image E:\Unity\GridInventory\GridInventory\Library\PackageCache\com.unity.visualscripting@1.7.8\Editor\VisualScripting.Core\Dependencies\YamlDotNet\Unity.VisualScripting.YamlDotNet.dll
Symbol file LoadedFromMemory doesn't match image E:\Unity\GridInventory\GridInventory\Library\PackageCache\com.unity.visualscripting@1.7.8\Editor\VisualScripting.Core\Dependencies\DotNetZip\Unity.VisualScripting.IonicZip.dll
Native extension for WindowsStandalone target not found
Refreshing native plugins compatible for Editor in 0.76 ms, found 3 plugins.
Preloading 0 native plugins for Editor in 0.00 ms.
Mono: successfully reloaded assembly
- Completed reload, in  1.268 seconds
Domain Reload Profiling:
	ReloadAssembly (1270ms)
		BeginReloadAssembly (185ms)
			ExecutionOrderSort (0ms)
			DisableScriptedObjects (7ms)
			BackupInstance (0ms)
			ReleaseScriptingObjects (0ms)
			CreateAndSetChildDomain (48ms)
		EndReloadAssembly (957ms)
			LoadAssemblies (130ms)
			RebuildTransferFunctionScriptingTraits (0ms)
			SetupTypeCache (373ms)
			ReleaseScriptCaches (1ms)
			RebuildScriptCaches (51ms)
			SetupLoadedEditorAssemblies (376ms)
				LogAssemblyErrors (0ms)
				InitializePlatformSupportModulesInManaged (14ms)
				SetLoadedEditorAssemblies (1ms)
				RefreshPlugins (1ms)
				BeforeProcessingInitializeOnLoad (77ms)
				ProcessInitializeOnLoadAttributes (243ms)
				ProcessInitializeOnLoadMethodAttributes (37ms)
				AfterProcessingInitializeOnLoad (4ms)
				EditorAssembliesLoaded (0ms)
			ExecutionOrderSort2 (0ms)
			AwakeInstancesAfterBackupRestoration (8ms)
Platform modules already initialized, skipping
Refreshing native plugins compatible for Editor in 2.03 ms, found 3 plugins.
Preloading 0 native plugins for Editor in 0.00 ms.
Unloading 3412 Unused Serialized files (Serialized files now loaded: 0)
Unloading 20 unused Assets / (79.7 KB). Loaded Objects now: 3887.
Memory consumption went from 121.7 MB to 121.6 MB.
Total: 4.163300 ms (FindLiveObjects: 0.314200 ms CreateObjectMapping: 0.233100 ms MarkObjects: 3.506900 ms  DeleteObjects: 0.108300 ms)

AssetImportParameters requested are different than current active one (requested -> active):
  custom:video-decoder-ogg-theora: a1e56fd34408186e4bbccfd4996cb3dc -> 
  custom:container-muxer-webm: aa71ff27fc2769a1b78a27578f13a17b -> 
  custom:container-demuxer-webm: 4f35f7cbe854078d1ac9338744f61a02 -> 
  custom:video-encoder-webm-vp8: eb34c28f22e8b96e1ab97ce403110664 -> 
  custom:audio-encoder-webm-vorbis: bf7c407c2cedff20999df2af8eb42d56 -> 
  custom:framework-win-MediaFoundation: 216162199b28c13a410421893ffa2e32 -> 
  custom:container-demuxer-ogg: 62fdf1f143b41e24485cea50d1cbac27 -> 
  custom:video-decoder-webm-vp8: 9c59270c3fd7afecdb556c50c9e8de78 -> 
  custom:audio-decoder-ogg-vorbis: bf7c407c2cedff20999df2af8eb42d56 -> 
========================================================================
Received Import Request.
  Time since last request: 454.432177 seconds.
  path: Assets/GridInventory/GUI/Square Shadowed.png
  artifactKey: Guid(6f4dcb4f7f2da72488b229f3d07f597e) Importer(815301076,1909f56bfc062723c751e8b465ee728b)
Start importing Assets/GridInventory/GUI/Square Shadowed.png using Guid(6f4dcb4f7f2da72488b229f3d07f597e) Importer(815301076,1909f56bfc062723c751e8b465ee728b)  -> (artifact id: 'ee46c9c4c75a6eb79b25abc87a257e35') in 0.080073 seconds 
========================================================================
Received Import Request.
  Time since last request: 124.482570 seconds.
  path: Assets/GridInventory/GUI/Square.png
  artifactKey: Guid(3c8cb42eb765c144ab75db70ae5a7eca) Importer(815301076,1909f56bfc062723c751e8b465ee728b)
Start importing Assets/GridInventory/GUI/Square.png using Guid(3c8cb42eb765c144ab75db70ae5a7eca) Importer(815301076,1909f56bfc062723c751e8b465ee728b)  -> (artifact id: '71a85d8b053208d8ff144a15fa52ebee') in 0.017203 seconds 
========================================================================
Received Import Request.
  Time since last request: 52.502742 seconds.
  path: Assets/GridInventory/GUI/Square Outline.png
  artifactKey: Guid(d74b707e92c4b2b4eb4023982e975d04) Importer(815301076,1909f56bfc062723c751e8b465ee728b)
Start importing Assets/GridInventory/GUI/Square Outline.png using Guid(d74b707e92c4b2b4eb4023982e975d04) Importer(815301076,1909f56bfc062723c751e8b465ee728b)  -> (artifact id: '3632321c13a7ed72667c6cf57ac24c2b') in 0.014229 seconds 
========================================================================
Received Import Request.
  Time since last request: 23.119291 seconds.
  path: Assets/GridInventory/GUI/Square Outline.png
  artifactKey: Guid(d74b707e92c4b2b4eb4023982e975d04) Importer(815301076,1909f56bfc062723c751e8b465ee728b)
Start importing Assets/GridInventory/GUI/Square Outline.png using Guid(d74b707e92c4b2b4eb4023982e975d04) Importer(815301076,1909f56bfc062723c751e8b465ee728b)  -> (artifact id: '7928503b24e715d3e6644fd8620adbf2') in 0.016856 seconds 
========================================================================
Received Import Request.
  Time since last request: 166.333813 seconds.
  path: Assets/GridInventory/GUI/Square Outline.png
  artifactKey: Guid(d74b707e92c4b2b4eb4023982e975d04) Importer(815301076,1909f56bfc062723c751e8b465ee728b)
Start importing Assets/GridInventory/GUI/Square Outline.png using Guid(d74b707e92c4b2b4eb4023982e975d04) Importer(815301076,1909f56bfc062723c751e8b465ee728b)  -> (artifact id: '56f7a65b3add4a4486998fe627a8ba14') in 0.015594 seconds 
========================================================================
Received Import Request.
  Time since last request: 825.852526 seconds.
  path: Assets/GridInventory/GUI/Square Outline.png
  artifactKey: Guid(d74b707e92c4b2b4eb4023982e975d04) Importer(815301076,1909f56bfc062723c751e8b465ee728b)
Start importing Assets/GridInventory/GUI/Square Outline.png using Guid(d74b707e92c4b2b4eb4023982e975d04) Importer(815301076,1909f56bfc062723c751e8b465ee728b)  -> (artifact id: 'ab32174d6d2e2a568d76ccad2f0b9b92') in 0.042236 seconds 
========================================================================
Received Import Request.
  Time since last request: 4.435493 seconds.
  path: Assets/GridInventory/GUI/Square.png
  artifactKey: Guid(3c8cb42eb765c144ab75db70ae5a7eca) Importer(815301076,1909f56bfc062723c751e8b465ee728b)
Start importing Assets/GridInventory/GUI/Square.png using Guid(3c8cb42eb765c144ab75db70ae5a7eca) Importer(815301076,1909f56bfc062723c751e8b465ee728b)  -> (artifact id: 'ae34b5010e82a598aa1318ca04fe7ee5') in 0.013137 seconds 
========================================================================
Received Import Request.
  Time since last request: 606.279619 seconds.
  path: Assets/GridInventory/GUI/Header.png
  artifactKey: Guid(7646c2f66ab39eb42b2495c5be399dab) Importer(815301076,1909f56bfc062723c751e8b465ee728b)
Start importing Assets/GridInventory/GUI/Header.png using Guid(7646c2f66ab39eb42b2495c5be399dab) Importer(815301076,1909f56bfc062723c751e8b465ee728b)  -> (artifact id: 'ad13401e9c5121ed0a617f7b8d3513cd') in 0.037013 seconds 
========================================================================
Received Import Request.
  Time since last request: 15.832782 seconds.
  path: Assets/GridInventory/GUI/Header.png
  artifactKey: Guid(7646c2f66ab39eb42b2495c5be399dab) Importer(815301076,1909f56bfc062723c751e8b465ee728b)
Start importing Assets/GridInventory/GUI/Header.png using Guid(7646c2f66ab39eb42b2495c5be399dab) Importer(815301076,1909f56bfc062723c751e8b465ee728b)  -> (artifact id: 'c6b20fc2ea3b631045a05926e2bcec69') in 0.024560 seconds 
========================================================================
Received Import Request.
  Time since last request: 27.703924 seconds.
  path: Assets/GridInventory/GUI/Header.png
  artifactKey: Guid(7646c2f66ab39eb42b2495c5be399dab) Importer(815301076,1909f56bfc062723c751e8b465ee728b)
Start importing Assets/GridInventory/GUI/Header.png using Guid(7646c2f66ab39eb42b2495c5be399dab) Importer(815301076,1909f56bfc062723c751e8b465ee728b)  -> (artifact id: '2dd557f2be517fde54a3bfe741e20e66') in 0.016014 seconds 
========================================================================
Received Import Request.
  Time since last request: 40.851269 seconds.
  path: Assets/GridInventory/GUI/Header.png
  artifactKey: Guid(7646c2f66ab39eb42b2495c5be399dab) Importer(815301076,1909f56bfc062723c751e8b465ee728b)
Start importing Assets/GridInventory/GUI/Header.png using Guid(7646c2f66ab39eb42b2495c5be399dab) Importer(815301076,1909f56bfc062723c751e8b465ee728b)  -> (artifact id: '0ef7e1466b56b4e885d69898a77d7d89') in 0.018923 seconds 
