Using pre-set license
Built from '2021.3/staging' branch; Version is '2021.3.16f1 (4016570cf34f) revision 4200023'; Using compiler version '192829333'; Build Type 'Release'
OS: 'Windows 10  (10.0.19043) 64bit Professional' Language: 'ru' Physical Memory: 16334 MB
BatchMode: 1, IsHumanControllingUs: 0, StartBugReporterOnCrash: 0, Is64bit: 1, IsPro: 1

COMMAND LINE ARGUMENTS:
F:\Unity\Unity Installs\2021.3.16f1\Editor\Unity.exe
-adb2
-batchMode
-noUpm
-name
AssetImportWorker0
-projectPath
F:/GitHub/Unity/TPS/GridInventory/GridInventory
-logFile
Logs/AssetImportWorker0.log
-srvPort
56969
Successfully changed project path to: F:/GitHub/Unity/TPS/GridInventory/GridInventory
F:/GitHub/Unity/TPS/GridInventory/GridInventory
[UnityMemory] Configuration Parameters - Can be set up in boot.config
    "memorysetup-bucket-allocator-granularity=16"
    "memorysetup-bucket-allocator-bucket-count=8"
    "memorysetup-bucket-allocator-block-size=33554432"
    "memorysetup-bucket-allocator-block-count=8"
    "memorysetup-main-allocator-block-size=16777216"
    "memorysetup-thread-allocator-block-size=16777216"
    "memorysetup-gfx-main-allocator-block-size=16777216"
    "memorysetup-gfx-thread-allocator-block-size=16777216"
    "memorysetup-cache-allocator-block-size=4194304"
    "memorysetup-typetree-allocator-block-size=2097152"
    "memorysetup-profiler-bucket-allocator-granularity=16"
    "memorysetup-profiler-bucket-allocator-bucket-count=8"
    "memorysetup-profiler-bucket-allocator-block-size=33554432"
    "memorysetup-profiler-bucket-allocator-block-count=8"
    "memorysetup-profiler-allocator-block-size=16777216"
    "memorysetup-profiler-editor-allocator-block-size=1048576"
    "memorysetup-temp-allocator-size-main=16777216"
    "memorysetup-job-temp-allocator-block-size=2097152"
    "memorysetup-job-temp-allocator-block-size-background=1048576"
    "memorysetup-job-temp-allocator-reduction-small-platforms=262144"
    "memorysetup-temp-allocator-size-background-worker=32768"
    "memorysetup-temp-allocator-size-job-worker=262144"
    "memorysetup-temp-allocator-size-preload-manager=33554432"
    "memorysetup-temp-allocator-size-nav-mesh-worker=65536"
    "memorysetup-temp-allocator-size-audio-worker=65536"
    "memorysetup-temp-allocator-size-cloud-worker=32768"
    "memorysetup-temp-allocator-size-gi-baking-worker=262144"
    "memorysetup-temp-allocator-size-gfx=262144"
Player connection [17488] Host "[IP] 192.168.1.40 [Port] 0 [Flags] 2 [Guid] 986882394 [EditorId] 986882394 [Version] 1048832 [Id] WindowsEditor(7,Alex-PC) [Debug] 1 [PackageName] WindowsEditor [ProjectName] Editor" joined multi-casting on [225.0.0.222:54997]...

Player connection [17488] Host "[IP] 192.168.1.40 [Port] 0 [Flags] 2 [Guid] 986882394 [EditorId] 986882394 [Version] 1048832 [Id] WindowsEditor(7,Alex-PC) [Debug] 1 [PackageName] WindowsEditor [ProjectName] Editor" joined alternative multi-casting on [225.0.0.222:34997]...

Refreshing native plugins compatible for Editor in 70.92 ms, found 3 plugins.
Preloading 0 native plugins for Editor in 0.00 ms.
Initialize engine version: 2021.3.16f1 (4016570cf34f)
[Subsystems] Discovering subsystems at path F:/Unity/Unity Installs/2021.3.16f1/Editor/Data/Resources/UnitySubsystems
[Subsystems] Discovering subsystems at path F:/GitHub/Unity/TPS/GridInventory/GridInventory/Assets
GfxDevice: creating device client; threaded=0; jobified=0
Direct3D:
    Version:  Direct3D 11.0 [level 11.1]
    Renderer: NVIDIA GeForce RTX 3060 Ti (ID=0x2489)
    Vendor:   NVIDIA
    VRAM:     8050 MB
    Driver:   31.0.15.1659
Initialize mono
Mono path[0] = 'F:/Unity/Unity Installs/2021.3.16f1/Editor/Data/Managed'
Mono path[1] = 'F:/Unity/Unity Installs/2021.3.16f1/Editor/Data/MonoBleedingEdge/lib/mono/unityjit-win32'
Mono config path = 'F:/Unity/Unity Installs/2021.3.16f1/Editor/Data/MonoBleedingEdge/etc'
Using monoOptions --debugger-agent=transport=dt_socket,embedding=1,server=y,suspend=n,address=127.0.0.1:56496
Begin MonoManager ReloadAssembly
Registering precompiled unity dll's ...
Register platform support module: F:/Unity/Unity Installs/2021.3.16f1/Editor/Data/PlaybackEngines/WindowsStandaloneSupport/UnityEditor.WindowsStandalone.Extensions.dll
Registered in 0.002922 seconds.
Native extension for WindowsStandalone target not found
Refreshing native plugins compatible for Editor in 71.52 ms, found 3 plugins.
Preloading 0 native plugins for Editor in 0.00 ms.
Mono: successfully reloaded assembly
- Completed reload, in  0.562 seconds
Domain Reload Profiling:
	ReloadAssembly (563ms)
		BeginReloadAssembly (87ms)
			ExecutionOrderSort (0ms)
			DisableScriptedObjects (0ms)
			BackupInstance (0ms)
			ReleaseScriptingObjects (0ms)
			CreateAndSetChildDomain (1ms)
		EndReloadAssembly (382ms)
			LoadAssemblies (86ms)
			RebuildTransferFunctionScriptingTraits (0ms)
			SetupTypeCache (88ms)
			ReleaseScriptCaches (0ms)
			RebuildScriptCaches (27ms)
			SetupLoadedEditorAssemblies (226ms)
				LogAssemblyErrors (0ms)
				InitializePlatformSupportModulesInManaged (7ms)
				SetLoadedEditorAssemblies (0ms)
				RefreshPlugins (72ms)
				BeforeProcessingInitializeOnLoad (1ms)
				ProcessInitializeOnLoadAttributes (108ms)
				ProcessInitializeOnLoadMethodAttributes (38ms)
				AfterProcessingInitializeOnLoad (0ms)
				EditorAssembliesLoaded (0ms)
			ExecutionOrderSort2 (0ms)
			AwakeInstancesAfterBackupRestoration (0ms)
Platform modules already initialized, skipping
Registering precompiled user dll's ...
Registered in 0.004892 seconds.
Begin MonoManager ReloadAssembly
Symbol file LoadedFromMemory doesn't match image F:\GitHub\Unity\TPS\GridInventory\GridInventory\Library\PackageCache\com.unity.visualscripting@1.7.8\Editor\VisualScripting.Core\Dependencies\YamlDotNet\Unity.VisualScripting.YamlDotNet.dll
Symbol file LoadedFromMemory doesn't match image F:\GitHub\Unity\TPS\GridInventory\GridInventory\Library\PackageCache\com.unity.visualscripting@1.7.8\Editor\VisualScripting.Core\Dependencies\DotNetZip\Unity.VisualScripting.IonicZip.dll
Native extension for WindowsStandalone target not found
Refreshing native plugins compatible for Editor in 0.63 ms, found 3 plugins.
Preloading 0 native plugins for Editor in 0.00 ms.
Mono: successfully reloaded assembly
- Completed reload, in  0.907 seconds
Domain Reload Profiling:
	ReloadAssembly (908ms)
		BeginReloadAssembly (110ms)
			ExecutionOrderSort (0ms)
			DisableScriptedObjects (6ms)
			BackupInstance (0ms)
			ReleaseScriptingObjects (0ms)
			CreateAndSetChildDomain (18ms)
		EndReloadAssembly (701ms)
			LoadAssemblies (90ms)
			RebuildTransferFunctionScriptingTraits (0ms)
			SetupTypeCache (232ms)
			ReleaseScriptCaches (1ms)
			RebuildScriptCaches (48ms)
			SetupLoadedEditorAssemblies (318ms)
				LogAssemblyErrors (0ms)
				InitializePlatformSupportModulesInManaged (4ms)
				SetLoadedEditorAssemblies (0ms)
				RefreshPlugins (1ms)
				BeforeProcessingInitializeOnLoad (75ms)
				ProcessInitializeOnLoadAttributes (213ms)
				ProcessInitializeOnLoadMethodAttributes (23ms)
				AfterProcessingInitializeOnLoad (3ms)
				EditorAssembliesLoaded (0ms)
			ExecutionOrderSort2 (0ms)
			AwakeInstancesAfterBackupRestoration (5ms)
Platform modules already initialized, skipping
========================================================================
Worker process is ready to serve import requests
Launched and connected shader compiler UnityShaderCompiler.exe after 0.04 seconds
Refreshing native plugins compatible for Editor in 0.61 ms, found 3 plugins.
Preloading 0 native plugins for Editor in 0.00 ms.
Unloading 3563 Unused Serialized files (Serialized files now loaded: 0)
Unloading 25 unused Assets / (56.5 KB). Loaded Objects now: 4025.
Memory consumption went from 122.8 MB to 122.7 MB.
Total: 2.901000 ms (FindLiveObjects: 0.286500 ms CreateObjectMapping: 0.092400 ms MarkObjects: 2.437300 ms  DeleteObjects: 0.083800 ms)

AssetImportParameters requested are different than current active one (requested -> active):
  custom:video-decoder-ogg-theora: a1e56fd34408186e4bbccfd4996cb3dc -> 
  custom:container-muxer-webm: aa71ff27fc2769a1b78a27578f13a17b -> 
  custom:container-demuxer-webm: 4f35f7cbe854078d1ac9338744f61a02 -> 
  custom:video-encoder-webm-vp8: eb34c28f22e8b96e1ab97ce403110664 -> 
  custom:audio-encoder-webm-vorbis: bf7c407c2cedff20999df2af8eb42d56 -> 
  custom:framework-win-MediaFoundation: 216162199b28c13a410421893ffa2e32 -> 
  custom:container-demuxer-ogg: 62fdf1f143b41e24485cea50d1cbac27 -> 
  custom:video-decoder-webm-vp8: 9c59270c3fd7afecdb556c50c9e8de78 -> 
  custom:audio-decoder-ogg-vorbis: bf7c407c2cedff20999df2af8eb42d56 -> 
========================================================================
Received Import Request.
  Time since last request: 10431.265519 seconds.
  path: Assets/GridBackground_2.psd
  artifactKey: Guid(ce46d09ad178f3d4b89b8308abd9ed8e) Importer(815301076,1909f56bfc062723c751e8b465ee728b)
Start importing Assets/GridBackground_2.psd using Guid(ce46d09ad178f3d4b89b8308abd9ed8e) Importer(815301076,1909f56bfc062723c751e8b465ee728b)  -> (artifact id: 'd5d3b787d1f70ba458e48009210b9966') in 0.076404 seconds 
========================================================================
Received Import Request.
  Time since last request: 0.000021 seconds.
  path: Assets/GridBackground.psd
  artifactKey: Guid(6b8be69708b866648af7a4f4f0390100) Importer(815301076,1909f56bfc062723c751e8b465ee728b)
Start importing Assets/GridBackground.psd using Guid(6b8be69708b866648af7a4f4f0390100) Importer(815301076,1909f56bfc062723c751e8b465ee728b)  -> (artifact id: '5247b9a16d23dd3aba935740f3cffed2') in 0.009440 seconds 
========================================================================
Received Import Request.
  Time since last request: 0.000028 seconds.
  path: Assets/GridBackground_3.psd
  artifactKey: Guid(69f7c0da7b8f5984fa8b67609e363ae6) Importer(815301076,1909f56bfc062723c751e8b465ee728b)
Start importing Assets/GridBackground_3.psd using Guid(69f7c0da7b8f5984fa8b67609e363ae6) Importer(815301076,1909f56bfc062723c751e8b465ee728b)  -> (artifact id: '7d2276a39130e66332e8c2d1c9bea3d5') in 0.010535 seconds 
========================================================================
Received Import Request.
  Time since last request: 0.000016 seconds.
  path: Assets/frame1.png
  artifactKey: Guid(c2417eac339e2c544b68cb7881fb46fe) Importer(815301076,1909f56bfc062723c751e8b465ee728b)
Start importing Assets/frame1.png using Guid(c2417eac339e2c544b68cb7881fb46fe) Importer(815301076,1909f56bfc062723c751e8b465ee728b)  -> (artifact id: '53df6934a8272079ecdb990d07bec7f2') in 0.043760 seconds 
========================================================================
Received Prepare
Registering precompiled user dll's ...
Registered in 0.004583 seconds.
Begin MonoManager ReloadAssembly
Symbol file LoadedFromMemory doesn't match image F:\GitHub\Unity\TPS\GridInventory\GridInventory\Library\PackageCache\com.unity.visualscripting@1.7.8\Editor\VisualScripting.Core\Dependencies\YamlDotNet\Unity.VisualScripting.YamlDotNet.dll
Symbol file LoadedFromMemory doesn't match image F:\GitHub\Unity\TPS\GridInventory\GridInventory\Library\PackageCache\com.unity.visualscripting@1.7.8\Editor\VisualScripting.Core\Dependencies\DotNetZip\Unity.VisualScripting.IonicZip.dll
Native extension for WindowsStandalone target not found
Refreshing native plugins compatible for Editor in 0.65 ms, found 3 plugins.
Preloading 0 native plugins for Editor in 0.00 ms.
Mono: successfully reloaded assembly
- Completed reload, in  0.894 seconds
Domain Reload Profiling:
	ReloadAssembly (895ms)
		BeginReloadAssembly (133ms)
			ExecutionOrderSort (0ms)
			DisableScriptedObjects (5ms)
			BackupInstance (0ms)
			ReleaseScriptingObjects (0ms)
			CreateAndSetChildDomain (34ms)
		EndReloadAssembly (684ms)
			LoadAssemblies (88ms)
			RebuildTransferFunctionScriptingTraits (0ms)
			SetupTypeCache (228ms)
			ReleaseScriptCaches (1ms)
			RebuildScriptCaches (41ms)
			SetupLoadedEditorAssemblies (307ms)
				LogAssemblyErrors (0ms)
				InitializePlatformSupportModulesInManaged (10ms)
				SetLoadedEditorAssemblies (0ms)
				RefreshPlugins (1ms)
				BeforeProcessingInitializeOnLoad (64ms)
				ProcessInitializeOnLoadAttributes (201ms)
				ProcessInitializeOnLoadMethodAttributes (28ms)
				AfterProcessingInitializeOnLoad (3ms)
				EditorAssembliesLoaded (0ms)
			ExecutionOrderSort2 (0ms)
			AwakeInstancesAfterBackupRestoration (5ms)
Platform modules already initialized, skipping
Refreshing native plugins compatible for Editor in 1.70 ms, found 3 plugins.
Preloading 0 native plugins for Editor in 0.00 ms.
Unloading 3542 Unused Serialized files (Serialized files now loaded: 0)
Unloading 18 unused Assets / (24.7 KB). Loaded Objects now: 4035.
Memory consumption went from 125.5 MB to 125.5 MB.
Total: 2.707100 ms (FindLiveObjects: 0.275800 ms CreateObjectMapping: 0.082300 ms MarkObjects: 2.320500 ms  DeleteObjects: 0.027500 ms)

AssetImportParameters requested are different than current active one (requested -> active):
  custom:video-decoder-ogg-theora: a1e56fd34408186e4bbccfd4996cb3dc -> 
  custom:container-muxer-webm: aa71ff27fc2769a1b78a27578f13a17b -> 
  custom:container-demuxer-webm: 4f35f7cbe854078d1ac9338744f61a02 -> 
  custom:video-encoder-webm-vp8: eb34c28f22e8b96e1ab97ce403110664 -> 
  custom:audio-encoder-webm-vorbis: bf7c407c2cedff20999df2af8eb42d56 -> 
  custom:framework-win-MediaFoundation: 216162199b28c13a410421893ffa2e32 -> 
  custom:container-demuxer-ogg: 62fdf1f143b41e24485cea50d1cbac27 -> 
  custom:video-decoder-webm-vp8: 9c59270c3fd7afecdb556c50c9e8de78 -> 
  custom:audio-decoder-ogg-vorbis: bf7c407c2cedff20999df2af8eb42d56 -> 
========================================================================
Received Prepare
Registering precompiled user dll's ...
Registered in 0.004856 seconds.
Begin MonoManager ReloadAssembly
Symbol file LoadedFromMemory doesn't match image F:\GitHub\Unity\TPS\GridInventory\GridInventory\Library\PackageCache\com.unity.visualscripting@1.7.8\Editor\VisualScripting.Core\Dependencies\YamlDotNet\Unity.VisualScripting.YamlDotNet.dll
Symbol file LoadedFromMemory doesn't match image F:\GitHub\Unity\TPS\GridInventory\GridInventory\Library\PackageCache\com.unity.visualscripting@1.7.8\Editor\VisualScripting.Core\Dependencies\DotNetZip\Unity.VisualScripting.IonicZip.dll
Native extension for WindowsStandalone target not found
Refreshing native plugins compatible for Editor in 0.64 ms, found 3 plugins.
Preloading 0 native plugins for Editor in 0.00 ms.
Mono: successfully reloaded assembly
- Completed reload, in  0.887 seconds
Domain Reload Profiling:
	ReloadAssembly (887ms)
		BeginReloadAssembly (128ms)
			ExecutionOrderSort (0ms)
			DisableScriptedObjects (5ms)
			BackupInstance (0ms)
			ReleaseScriptingObjects (0ms)
			CreateAndSetChildDomain (34ms)
		EndReloadAssembly (681ms)
			LoadAssemblies (86ms)
			RebuildTransferFunctionScriptingTraits (0ms)
			SetupTypeCache (224ms)
			ReleaseScriptCaches (1ms)
			RebuildScriptCaches (41ms)
			SetupLoadedEditorAssemblies (306ms)
				LogAssemblyErrors (0ms)
				InitializePlatformSupportModulesInManaged (11ms)
				SetLoadedEditorAssemblies (0ms)
				RefreshPlugins (1ms)
				BeforeProcessingInitializeOnLoad (60ms)
				ProcessInitializeOnLoadAttributes (206ms)
				ProcessInitializeOnLoadMethodAttributes (26ms)
				AfterProcessingInitializeOnLoad (3ms)
				EditorAssembliesLoaded (0ms)
			ExecutionOrderSort2 (0ms)
			AwakeInstancesAfterBackupRestoration (5ms)
Platform modules already initialized, skipping
Refreshing native plugins compatible for Editor in 1.82 ms, found 3 plugins.
Preloading 0 native plugins for Editor in 0.00 ms.
Unloading 3542 Unused Serialized files (Serialized files now loaded: 0)
Unloading 18 unused Assets / (24.7 KB). Loaded Objects now: 4038.
Memory consumption went from 125.5 MB to 125.5 MB.
Total: 2.639600 ms (FindLiveObjects: 0.296700 ms CreateObjectMapping: 0.084200 ms MarkObjects: 2.226100 ms  DeleteObjects: 0.031500 ms)

AssetImportParameters requested are different than current active one (requested -> active):
  custom:video-decoder-ogg-theora: a1e56fd34408186e4bbccfd4996cb3dc -> 
  custom:container-muxer-webm: aa71ff27fc2769a1b78a27578f13a17b -> 
  custom:container-demuxer-webm: 4f35f7cbe854078d1ac9338744f61a02 -> 
  custom:video-encoder-webm-vp8: eb34c28f22e8b96e1ab97ce403110664 -> 
  custom:audio-encoder-webm-vorbis: bf7c407c2cedff20999df2af8eb42d56 -> 
  custom:framework-win-MediaFoundation: 216162199b28c13a410421893ffa2e32 -> 
  custom:container-demuxer-ogg: 62fdf1f143b41e24485cea50d1cbac27 -> 
  custom:video-decoder-webm-vp8: 9c59270c3fd7afecdb556c50c9e8de78 -> 
  custom:audio-decoder-ogg-vorbis: bf7c407c2cedff20999df2af8eb42d56 -> 
========================================================================
Received Prepare
Registering precompiled user dll's ...
Registered in 0.004652 seconds.
Begin MonoManager ReloadAssembly
Symbol file LoadedFromMemory doesn't match image F:\GitHub\Unity\TPS\GridInventory\GridInventory\Library\PackageCache\com.unity.visualscripting@1.7.8\Editor\VisualScripting.Core\Dependencies\YamlDotNet\Unity.VisualScripting.YamlDotNet.dll
Symbol file LoadedFromMemory doesn't match image F:\GitHub\Unity\TPS\GridInventory\GridInventory\Library\PackageCache\com.unity.visualscripting@1.7.8\Editor\VisualScripting.Core\Dependencies\DotNetZip\Unity.VisualScripting.IonicZip.dll
Native extension for WindowsStandalone target not found
Refreshing native plugins compatible for Editor in 0.71 ms, found 3 plugins.
Preloading 0 native plugins for Editor in 0.00 ms.
Mono: successfully reloaded assembly
- Completed reload, in  0.905 seconds
Domain Reload Profiling:
	ReloadAssembly (905ms)
		BeginReloadAssembly (127ms)
			ExecutionOrderSort (0ms)
			DisableScriptedObjects (5ms)
			BackupInstance (0ms)
			ReleaseScriptingObjects (0ms)
			CreateAndSetChildDomain (33ms)
		EndReloadAssembly (700ms)
			LoadAssemblies (87ms)
			RebuildTransferFunctionScriptingTraits (0ms)
			SetupTypeCache (237ms)
			ReleaseScriptCaches (1ms)
			RebuildScriptCaches (48ms)
			SetupLoadedEditorAssemblies (303ms)
				LogAssemblyErrors (0ms)
				InitializePlatformSupportModulesInManaged (10ms)
				SetLoadedEditorAssemblies (0ms)
				RefreshPlugins (1ms)
				BeforeProcessingInitializeOnLoad (61ms)
				ProcessInitializeOnLoadAttributes (201ms)
				ProcessInitializeOnLoadMethodAttributes (25ms)
				AfterProcessingInitializeOnLoad (4ms)
				EditorAssembliesLoaded (0ms)
			ExecutionOrderSort2 (0ms)
			AwakeInstancesAfterBackupRestoration (5ms)
Platform modules already initialized, skipping
Refreshing native plugins compatible for Editor in 2.47 ms, found 3 plugins.
Preloading 0 native plugins for Editor in 0.00 ms.
Unloading 3542 Unused Serialized files (Serialized files now loaded: 0)
Unloading 18 unused Assets / (24.6 KB). Loaded Objects now: 4041.
Memory consumption went from 125.5 MB to 125.5 MB.
Total: 2.717400 ms (FindLiveObjects: 0.303000 ms CreateObjectMapping: 0.087600 ms MarkObjects: 2.308200 ms  DeleteObjects: 0.017600 ms)

AssetImportParameters requested are different than current active one (requested -> active):
  custom:video-decoder-ogg-theora: a1e56fd34408186e4bbccfd4996cb3dc -> 
  custom:container-muxer-webm: aa71ff27fc2769a1b78a27578f13a17b -> 
  custom:container-demuxer-webm: 4f35f7cbe854078d1ac9338744f61a02 -> 
  custom:video-encoder-webm-vp8: eb34c28f22e8b96e1ab97ce403110664 -> 
  custom:audio-encoder-webm-vorbis: bf7c407c2cedff20999df2af8eb42d56 -> 
  custom:framework-win-MediaFoundation: 216162199b28c13a410421893ffa2e32 -> 
  custom:container-demuxer-ogg: 62fdf1f143b41e24485cea50d1cbac27 -> 
  custom:video-decoder-webm-vp8: 9c59270c3fd7afecdb556c50c9e8de78 -> 
  custom:audio-decoder-ogg-vorbis: bf7c407c2cedff20999df2af8eb42d56 -> 
========================================================================
Received Prepare
Registering precompiled user dll's ...
Registered in 0.004753 seconds.
Begin MonoManager ReloadAssembly
Symbol file LoadedFromMemory doesn't match image F:\GitHub\Unity\TPS\GridInventory\GridInventory\Library\PackageCache\com.unity.visualscripting@1.7.8\Editor\VisualScripting.Core\Dependencies\YamlDotNet\Unity.VisualScripting.YamlDotNet.dll
Symbol file LoadedFromMemory doesn't match image F:\GitHub\Unity\TPS\GridInventory\GridInventory\Library\PackageCache\com.unity.visualscripting@1.7.8\Editor\VisualScripting.Core\Dependencies\DotNetZip\Unity.VisualScripting.IonicZip.dll
Native extension for WindowsStandalone target not found
Refreshing native plugins compatible for Editor in 0.64 ms, found 3 plugins.
Preloading 0 native plugins for Editor in 0.00 ms.
Mono: successfully reloaded assembly
- Completed reload, in  0.928 seconds
Domain Reload Profiling:
	ReloadAssembly (929ms)
		BeginReloadAssembly (134ms)
			ExecutionOrderSort (0ms)
			DisableScriptedObjects (5ms)
			BackupInstance (0ms)
			ReleaseScriptingObjects (0ms)
			CreateAndSetChildDomain (35ms)
		EndReloadAssembly (716ms)
			LoadAssemblies (84ms)
			RebuildTransferFunctionScriptingTraits (0ms)
			SetupTypeCache (234ms)
			ReleaseScriptCaches (1ms)
			RebuildScriptCaches (52ms)
			SetupLoadedEditorAssemblies (307ms)
				LogAssemblyErrors (0ms)
				InitializePlatformSupportModulesInManaged (11ms)
				SetLoadedEditorAssemblies (0ms)
				RefreshPlugins (1ms)
				BeforeProcessingInitializeOnLoad (61ms)
				ProcessInitializeOnLoadAttributes (203ms)
				ProcessInitializeOnLoadMethodAttributes (28ms)
				AfterProcessingInitializeOnLoad (3ms)
				EditorAssembliesLoaded (0ms)
			ExecutionOrderSort2 (0ms)
			AwakeInstancesAfterBackupRestoration (5ms)
Platform modules already initialized, skipping
Refreshing native plugins compatible for Editor in 1.83 ms, found 3 plugins.
Preloading 0 native plugins for Editor in 0.00 ms.
Unloading 3542 Unused Serialized files (Serialized files now loaded: 0)
Unloading 18 unused Assets / (24.7 KB). Loaded Objects now: 4044.
Memory consumption went from 125.5 MB to 125.5 MB.
Total: 3.450800 ms (FindLiveObjects: 0.302200 ms CreateObjectMapping: 0.228600 ms MarkObjects: 2.893600 ms  DeleteObjects: 0.025000 ms)

AssetImportParameters requested are different than current active one (requested -> active):
  custom:video-decoder-ogg-theora: a1e56fd34408186e4bbccfd4996cb3dc -> 
  custom:container-muxer-webm: aa71ff27fc2769a1b78a27578f13a17b -> 
  custom:container-demuxer-webm: 4f35f7cbe854078d1ac9338744f61a02 -> 
  custom:video-encoder-webm-vp8: eb34c28f22e8b96e1ab97ce403110664 -> 
  custom:audio-encoder-webm-vorbis: bf7c407c2cedff20999df2af8eb42d56 -> 
  custom:framework-win-MediaFoundation: 216162199b28c13a410421893ffa2e32 -> 
  custom:container-demuxer-ogg: 62fdf1f143b41e24485cea50d1cbac27 -> 
  custom:video-decoder-webm-vp8: 9c59270c3fd7afecdb556c50c9e8de78 -> 
  custom:audio-decoder-ogg-vorbis: bf7c407c2cedff20999df2af8eb42d56 -> 
========================================================================
Received Prepare
Registering precompiled user dll's ...
Registered in 0.004670 seconds.
Begin MonoManager ReloadAssembly
Symbol file LoadedFromMemory doesn't match image F:\GitHub\Unity\TPS\GridInventory\GridInventory\Library\PackageCache\com.unity.visualscripting@1.7.8\Editor\VisualScripting.Core\Dependencies\YamlDotNet\Unity.VisualScripting.YamlDotNet.dll
Symbol file LoadedFromMemory doesn't match image F:\GitHub\Unity\TPS\GridInventory\GridInventory\Library\PackageCache\com.unity.visualscripting@1.7.8\Editor\VisualScripting.Core\Dependencies\DotNetZip\Unity.VisualScripting.IonicZip.dll
Native extension for WindowsStandalone target not found
Refreshing native plugins compatible for Editor in 1.08 ms, found 3 plugins.
Preloading 0 native plugins for Editor in 0.00 ms.
Mono: successfully reloaded assembly
- Completed reload, in  0.912 seconds
Domain Reload Profiling:
	ReloadAssembly (913ms)
		BeginReloadAssembly (129ms)
			ExecutionOrderSort (0ms)
			DisableScriptedObjects (5ms)
			BackupInstance (0ms)
			ReleaseScriptingObjects (0ms)
			CreateAndSetChildDomain (34ms)
		EndReloadAssembly (702ms)
			LoadAssemblies (86ms)
			RebuildTransferFunctionScriptingTraits (0ms)
			SetupTypeCache (227ms)
			ReleaseScriptCaches (1ms)
			RebuildScriptCaches (42ms)
			SetupLoadedEditorAssemblies (320ms)
				LogAssemblyErrors (0ms)
				InitializePlatformSupportModulesInManaged (14ms)
				SetLoadedEditorAssemblies (1ms)
				RefreshPlugins (1ms)
				BeforeProcessingInitializeOnLoad (66ms)
				ProcessInitializeOnLoadAttributes (210ms)
				ProcessInitializeOnLoadMethodAttributes (26ms)
				AfterProcessingInitializeOnLoad (3ms)
				EditorAssembliesLoaded (0ms)
			ExecutionOrderSort2 (0ms)
			AwakeInstancesAfterBackupRestoration (5ms)
Platform modules already initialized, skipping
Refreshing native plugins compatible for Editor in 1.84 ms, found 3 plugins.
Preloading 0 native plugins for Editor in 0.00 ms.
Unloading 3542 Unused Serialized files (Serialized files now loaded: 0)
Unloading 18 unused Assets / (24.6 KB). Loaded Objects now: 4047.
Memory consumption went from 125.5 MB to 125.5 MB.
Total: 2.883700 ms (FindLiveObjects: 0.279200 ms CreateObjectMapping: 0.225300 ms MarkObjects: 2.354500 ms  DeleteObjects: 0.023900 ms)

AssetImportParameters requested are different than current active one (requested -> active):
  custom:video-decoder-ogg-theora: a1e56fd34408186e4bbccfd4996cb3dc -> 
  custom:container-muxer-webm: aa71ff27fc2769a1b78a27578f13a17b -> 
  custom:container-demuxer-webm: 4f35f7cbe854078d1ac9338744f61a02 -> 
  custom:video-encoder-webm-vp8: eb34c28f22e8b96e1ab97ce403110664 -> 
  custom:audio-encoder-webm-vorbis: bf7c407c2cedff20999df2af8eb42d56 -> 
  custom:framework-win-MediaFoundation: 216162199b28c13a410421893ffa2e32 -> 
  custom:container-demuxer-ogg: 62fdf1f143b41e24485cea50d1cbac27 -> 
  custom:video-decoder-webm-vp8: 9c59270c3fd7afecdb556c50c9e8de78 -> 
  custom:audio-decoder-ogg-vorbis: bf7c407c2cedff20999df2af8eb42d56 -> 
========================================================================
Received Prepare
Registering precompiled user dll's ...
Registered in 0.004667 seconds.
Begin MonoManager ReloadAssembly
Symbol file LoadedFromMemory doesn't match image F:\GitHub\Unity\TPS\GridInventory\GridInventory\Library\PackageCache\com.unity.visualscripting@1.7.8\Editor\VisualScripting.Core\Dependencies\YamlDotNet\Unity.VisualScripting.YamlDotNet.dll
Symbol file LoadedFromMemory doesn't match image F:\GitHub\Unity\TPS\GridInventory\GridInventory\Library\PackageCache\com.unity.visualscripting@1.7.8\Editor\VisualScripting.Core\Dependencies\DotNetZip\Unity.VisualScripting.IonicZip.dll
Native extension for WindowsStandalone target not found
Refreshing native plugins compatible for Editor in 0.71 ms, found 3 plugins.
Preloading 0 native plugins for Editor in 0.00 ms.
Mono: successfully reloaded assembly
- Completed reload, in  0.854 seconds
Domain Reload Profiling:
	ReloadAssembly (854ms)
		BeginReloadAssembly (128ms)
			ExecutionOrderSort (0ms)
			DisableScriptedObjects (5ms)
			BackupInstance (0ms)
			ReleaseScriptingObjects (0ms)
			CreateAndSetChildDomain (33ms)
		EndReloadAssembly (649ms)
			LoadAssemblies (85ms)
			RebuildTransferFunctionScriptingTraits (0ms)
			SetupTypeCache (227ms)
			ReleaseScriptCaches (1ms)
			RebuildScriptCaches (38ms)
			SetupLoadedEditorAssemblies (282ms)
				LogAssemblyErrors (0ms)
				InitializePlatformSupportModulesInManaged (10ms)
				SetLoadedEditorAssemblies (0ms)
				RefreshPlugins (1ms)
				BeforeProcessingInitializeOnLoad (59ms)
				ProcessInitializeOnLoadAttributes (185ms)
				ProcessInitializeOnLoadMethodAttributes (24ms)
				AfterProcessingInitializeOnLoad (3ms)
				EditorAssembliesLoaded (0ms)
			ExecutionOrderSort2 (0ms)
			AwakeInstancesAfterBackupRestoration (5ms)
Platform modules already initialized, skipping
Refreshing native plugins compatible for Editor in 1.46 ms, found 3 plugins.
Preloading 0 native plugins for Editor in 0.00 ms.
Unloading 3543 Unused Serialized files (Serialized files now loaded: 0)
Unloading 18 unused Assets / (24.7 KB). Loaded Objects now: 4051.
Memory consumption went from 125.6 MB to 125.6 MB.
Total: 2.722400 ms (FindLiveObjects: 0.260700 ms CreateObjectMapping: 0.083500 ms MarkObjects: 2.356000 ms  DeleteObjects: 0.021400 ms)

AssetImportParameters requested are different than current active one (requested -> active):
  custom:video-decoder-ogg-theora: a1e56fd34408186e4bbccfd4996cb3dc -> 
  custom:container-muxer-webm: aa71ff27fc2769a1b78a27578f13a17b -> 
  custom:container-demuxer-webm: 4f35f7cbe854078d1ac9338744f61a02 -> 
  custom:video-encoder-webm-vp8: eb34c28f22e8b96e1ab97ce403110664 -> 
  custom:audio-encoder-webm-vorbis: bf7c407c2cedff20999df2af8eb42d56 -> 
  custom:framework-win-MediaFoundation: 216162199b28c13a410421893ffa2e32 -> 
  custom:container-demuxer-ogg: 62fdf1f143b41e24485cea50d1cbac27 -> 
  custom:video-decoder-webm-vp8: 9c59270c3fd7afecdb556c50c9e8de78 -> 
  custom:audio-decoder-ogg-vorbis: bf7c407c2cedff20999df2af8eb42d56 -> 
========================================================================
Received Import Request.
  Time since last request: 537.160494 seconds.
  path: Assets/ScreenshotUtility
  artifactKey: Guid(f55dd4210833a99479a10b2dc3ca8fb6) Importer(815301076,1909f56bfc062723c751e8b465ee728b)
Start importing Assets/ScreenshotUtility using Guid(f55dd4210833a99479a10b2dc3ca8fb6) Importer(815301076,1909f56bfc062723c751e8b465ee728b)  -> (artifact id: '4a3d2d261a5b14e2a24b66d8f2c61c5f') in 0.010348 seconds 
========================================================================
Received Prepare
Registering precompiled user dll's ...
Registered in 0.004612 seconds.
Begin MonoManager ReloadAssembly
Symbol file LoadedFromMemory doesn't match image F:\GitHub\Unity\TPS\GridInventory\GridInventory\Library\PackageCache\com.unity.visualscripting@1.7.8\Editor\VisualScripting.Core\Dependencies\YamlDotNet\Unity.VisualScripting.YamlDotNet.dll
Symbol file LoadedFromMemory doesn't match image F:\GitHub\Unity\TPS\GridInventory\GridInventory\Library\PackageCache\com.unity.visualscripting@1.7.8\Editor\VisualScripting.Core\Dependencies\DotNetZip\Unity.VisualScripting.IonicZip.dll
Native extension for WindowsStandalone target not found
Refreshing native plugins compatible for Editor in 0.63 ms, found 3 plugins.
Preloading 0 native plugins for Editor in 0.00 ms.
Mono: successfully reloaded assembly
- Completed reload, in  0.893 seconds
Domain Reload Profiling:
	ReloadAssembly (893ms)
		BeginReloadAssembly (127ms)
			ExecutionOrderSort (0ms)
			DisableScriptedObjects (5ms)
			BackupInstance (0ms)
			ReleaseScriptingObjects (0ms)
			CreateAndSetChildDomain (34ms)
		EndReloadAssembly (682ms)
			LoadAssemblies (83ms)
			RebuildTransferFunctionScriptingTraits (0ms)
			SetupTypeCache (232ms)
			ReleaseScriptCaches (1ms)
			RebuildScriptCaches (44ms)
			SetupLoadedEditorAssemblies (291ms)
				LogAssemblyErrors (0ms)
				InitializePlatformSupportModulesInManaged (10ms)
				SetLoadedEditorAssemblies (0ms)
				RefreshPlugins (1ms)
				BeforeProcessingInitializeOnLoad (60ms)
				ProcessInitializeOnLoadAttributes (190ms)
				ProcessInitializeOnLoadMethodAttributes (26ms)
				AfterProcessingInitializeOnLoad (3ms)
				EditorAssembliesLoaded (0ms)
			ExecutionOrderSort2 (0ms)
			AwakeInstancesAfterBackupRestoration (6ms)
Platform modules already initialized, skipping
Refreshing native plugins compatible for Editor in 1.76 ms, found 3 plugins.
Preloading 0 native plugins for Editor in 0.00 ms.
Unloading 3543 Unused Serialized files (Serialized files now loaded: 0)
Unloading 18 unused Assets / (24.6 KB). Loaded Objects now: 4054.
Memory consumption went from 125.6 MB to 125.6 MB.
Total: 2.756800 ms (FindLiveObjects: 0.332800 ms CreateObjectMapping: 0.082700 ms MarkObjects: 2.313600 ms  DeleteObjects: 0.026800 ms)

AssetImportParameters requested are different than current active one (requested -> active):
  custom:video-decoder-ogg-theora: a1e56fd34408186e4bbccfd4996cb3dc -> 
  custom:container-muxer-webm: aa71ff27fc2769a1b78a27578f13a17b -> 
  custom:container-demuxer-webm: 4f35f7cbe854078d1ac9338744f61a02 -> 
  custom:video-encoder-webm-vp8: eb34c28f22e8b96e1ab97ce403110664 -> 
  custom:audio-encoder-webm-vorbis: bf7c407c2cedff20999df2af8eb42d56 -> 
  custom:framework-win-MediaFoundation: 216162199b28c13a410421893ffa2e32 -> 
  custom:container-demuxer-ogg: 62fdf1f143b41e24485cea50d1cbac27 -> 
  custom:video-decoder-webm-vp8: 9c59270c3fd7afecdb556c50c9e8de78 -> 
  custom:audio-decoder-ogg-vorbis: bf7c407c2cedff20999df2af8eb42d56 -> 
========================================================================
Received Import Request.
  Time since last request: 965.681376 seconds.
  path: Assets/GridInventory/InventoryItems/9mm.asset
  artifactKey: Guid(ca82d1b908b87e247b77d954af681dee) Importer(815301076,1909f56bfc062723c751e8b465ee728b)
Start importing Assets/GridInventory/InventoryItems/9mm.asset using Guid(ca82d1b908b87e247b77d954af681dee) Importer(815301076,1909f56bfc062723c751e8b465ee728b)  -> (artifact id: '3214d54a578de8d02ecd6105501fb1d9') in 0.024800 seconds 
========================================================================
Received Import Request.
  Time since last request: 0.000024 seconds.
  path: Assets/GridInventory/InventoryItems/SMG.asset
  artifactKey: Guid(44f58639da84fc34d9f3528d2f7a8b9f) Importer(815301076,1909f56bfc062723c751e8b465ee728b)
Start importing Assets/GridInventory/InventoryItems/SMG.asset using Guid(44f58639da84fc34d9f3528d2f7a8b9f) Importer(815301076,1909f56bfc062723c751e8b465ee728b)  -> (artifact id: '403f6ac8e7e9e60eb3cc0d341e18a70c') in 0.006099 seconds 
========================================================================
Received Import Request.
  Time since last request: 0.000020 seconds.
  path: Assets/GridInventory/InventoryItems/Box.asset
  artifactKey: Guid(df644d1eca1aa4340a2dc53d8f4c72b4) Importer(815301076,1909f56bfc062723c751e8b465ee728b)
Start importing Assets/GridInventory/InventoryItems/Box.asset using Guid(df644d1eca1aa4340a2dc53d8f4c72b4) Importer(815301076,1909f56bfc062723c751e8b465ee728b)  -> (artifact id: 'cc9eb5076a229f9cf85a8d955640740d') in 0.052248 seconds 
========================================================================
Received Import Request.
  Time since last request: 0.000019 seconds.
  path: Assets/GridInventory/InventoryItems/Rifle.asset
  artifactKey: Guid(0a7724c56b330fa4b875b81fa9c0f2e1) Importer(815301076,1909f56bfc062723c751e8b465ee728b)
Start importing Assets/GridInventory/InventoryItems/Rifle.asset using Guid(0a7724c56b330fa4b875b81fa9c0f2e1) Importer(815301076,1909f56bfc062723c751e8b465ee728b)  -> (artifact id: '91fe347981cbc2489e4106f50af76f9e') in 0.005023 seconds 
========================================================================
Received Import Request.
  Time since last request: 0.000029 seconds.
  path: Assets/GridInventory/InventoryItems/Pistol.asset
  artifactKey: Guid(e7b1fd30009b5584e91f13e9750657e8) Importer(815301076,1909f56bfc062723c751e8b465ee728b)
Start importing Assets/GridInventory/InventoryItems/Pistol.asset using Guid(e7b1fd30009b5584e91f13e9750657e8) Importer(815301076,1909f56bfc062723c751e8b465ee728b)  -> (artifact id: '44fa7337fd3e0a0dc67bcffa82d349dd') in 0.005692 seconds 
========================================================================
Received Prepare
Registering precompiled user dll's ...
Registered in 0.004804 seconds.
Begin MonoManager ReloadAssembly
Symbol file LoadedFromMemory doesn't match image F:\GitHub\Unity\TPS\GridInventory\GridInventory\Library\PackageCache\com.unity.visualscripting@1.7.8\Editor\VisualScripting.Core\Dependencies\YamlDotNet\Unity.VisualScripting.YamlDotNet.dll
Symbol file LoadedFromMemory doesn't match image F:\GitHub\Unity\TPS\GridInventory\GridInventory\Library\PackageCache\com.unity.visualscripting@1.7.8\Editor\VisualScripting.Core\Dependencies\DotNetZip\Unity.VisualScripting.IonicZip.dll
Native extension for WindowsStandalone target not found
Refreshing native plugins compatible for Editor in 0.66 ms, found 3 plugins.
Preloading 0 native plugins for Editor in 0.00 ms.
Mono: successfully reloaded assembly
- Completed reload, in  0.886 seconds
Domain Reload Profiling:
	ReloadAssembly (887ms)
		BeginReloadAssembly (136ms)
			ExecutionOrderSort (0ms)
			DisableScriptedObjects (5ms)
			BackupInstance (0ms)
			ReleaseScriptingObjects (0ms)
			CreateAndSetChildDomain (36ms)
		EndReloadAssembly (671ms)
			LoadAssemblies (97ms)
			RebuildTransferFunctionScriptingTraits (0ms)
			SetupTypeCache (222ms)
			ReleaseScriptCaches (1ms)
			RebuildScriptCaches (39ms)
			SetupLoadedEditorAssemblies (293ms)
				LogAssemblyErrors (0ms)
				InitializePlatformSupportModulesInManaged (14ms)
				SetLoadedEditorAssemblies (0ms)
				RefreshPlugins (1ms)
				BeforeProcessingInitializeOnLoad (58ms)
				ProcessInitializeOnLoadAttributes (195ms)
				ProcessInitializeOnLoadMethodAttributes (22ms)
				AfterProcessingInitializeOnLoad (3ms)
				EditorAssembliesLoaded (0ms)
			ExecutionOrderSort2 (0ms)
			AwakeInstancesAfterBackupRestoration (5ms)
Platform modules already initialized, skipping
Refreshing native plugins compatible for Editor in 1.66 ms, found 3 plugins.
Preloading 0 native plugins for Editor in 0.00 ms.
Unloading 3543 Unused Serialized files (Serialized files now loaded: 0)
Unloading 19 unused Assets / (25.4 KB). Loaded Objects now: 4059.
Memory consumption went from 125.7 MB to 125.7 MB.
Total: 2.835000 ms (FindLiveObjects: 0.294300 ms CreateObjectMapping: 0.082900 ms MarkObjects: 2.424600 ms  DeleteObjects: 0.031700 ms)

AssetImportParameters requested are different than current active one (requested -> active):
  custom:video-decoder-ogg-theora: a1e56fd34408186e4bbccfd4996cb3dc -> 
  custom:container-muxer-webm: aa71ff27fc2769a1b78a27578f13a17b -> 
  custom:container-demuxer-webm: 4f35f7cbe854078d1ac9338744f61a02 -> 
  custom:video-encoder-webm-vp8: eb34c28f22e8b96e1ab97ce403110664 -> 
  custom:audio-encoder-webm-vorbis: bf7c407c2cedff20999df2af8eb42d56 -> 
  custom:framework-win-MediaFoundation: 216162199b28c13a410421893ffa2e32 -> 
  custom:container-demuxer-ogg: 62fdf1f143b41e24485cea50d1cbac27 -> 
  custom:video-decoder-webm-vp8: 9c59270c3fd7afecdb556c50c9e8de78 -> 
  custom:audio-decoder-ogg-vorbis: bf7c407c2cedff20999df2af8eb42d56 -> 
========================================================================
Received Prepare
Registering precompiled user dll's ...
Registered in 0.005826 seconds.
Begin MonoManager ReloadAssembly
Symbol file LoadedFromMemory doesn't match image F:\GitHub\Unity\TPS\GridInventory\GridInventory\Library\PackageCache\com.unity.visualscripting@1.7.8\Editor\VisualScripting.Core\Dependencies\YamlDotNet\Unity.VisualScripting.YamlDotNet.dll
Symbol file LoadedFromMemory doesn't match image F:\GitHub\Unity\TPS\GridInventory\GridInventory\Library\PackageCache\com.unity.visualscripting@1.7.8\Editor\VisualScripting.Core\Dependencies\DotNetZip\Unity.VisualScripting.IonicZip.dll
Native extension for WindowsStandalone target not found
Refreshing native plugins compatible for Editor in 0.82 ms, found 3 plugins.
Preloading 0 native plugins for Editor in 0.00 ms.
Mono: successfully reloaded assembly
- Completed reload, in  0.886 seconds
Domain Reload Profiling:
	ReloadAssembly (887ms)
		BeginReloadAssembly (126ms)
			ExecutionOrderSort (0ms)
			DisableScriptedObjects (5ms)
			BackupInstance (0ms)
			ReleaseScriptingObjects (0ms)
			CreateAndSetChildDomain (32ms)
		EndReloadAssembly (682ms)
			LoadAssemblies (87ms)
			RebuildTransferFunctionScriptingTraits (0ms)
			SetupTypeCache (236ms)
			ReleaseScriptCaches (1ms)
			RebuildScriptCaches (42ms)
			SetupLoadedEditorAssemblies (289ms)
				LogAssemblyErrors (0ms)
				InitializePlatformSupportModulesInManaged (10ms)
				SetLoadedEditorAssemblies (0ms)
				RefreshPlugins (1ms)
				BeforeProcessingInitializeOnLoad (60ms)
				ProcessInitializeOnLoadAttributes (189ms)
				ProcessInitializeOnLoadMethodAttributes (26ms)
				AfterProcessingInitializeOnLoad (3ms)
				EditorAssembliesLoaded (1ms)
			ExecutionOrderSort2 (0ms)
			AwakeInstancesAfterBackupRestoration (6ms)
Platform modules already initialized, skipping
Refreshing native plugins compatible for Editor in 1.77 ms, found 3 plugins.
Preloading 0 native plugins for Editor in 0.00 ms.
Unloading 3543 Unused Serialized files (Serialized files now loaded: 0)
Unloading 18 unused Assets / (24.8 KB). Loaded Objects now: 4062.
Memory consumption went from 125.7 MB to 125.7 MB.
Total: 3.234800 ms (FindLiveObjects: 0.482700 ms CreateObjectMapping: 0.098800 ms MarkObjects: 2.624900 ms  DeleteObjects: 0.026600 ms)

AssetImportParameters requested are different than current active one (requested -> active):
  custom:video-decoder-ogg-theora: a1e56fd34408186e4bbccfd4996cb3dc -> 
  custom:container-muxer-webm: aa71ff27fc2769a1b78a27578f13a17b -> 
  custom:container-demuxer-webm: 4f35f7cbe854078d1ac9338744f61a02 -> 
  custom:video-encoder-webm-vp8: eb34c28f22e8b96e1ab97ce403110664 -> 
  custom:audio-encoder-webm-vorbis: bf7c407c2cedff20999df2af8eb42d56 -> 
  custom:framework-win-MediaFoundation: 216162199b28c13a410421893ffa2e32 -> 
  custom:container-demuxer-ogg: 62fdf1f143b41e24485cea50d1cbac27 -> 
  custom:video-decoder-webm-vp8: 9c59270c3fd7afecdb556c50c9e8de78 -> 
  custom:audio-decoder-ogg-vorbis: bf7c407c2cedff20999df2af8eb42d56 -> 
========================================================================
Received Prepare
Registering precompiled user dll's ...
Registered in 0.004697 seconds.
Begin MonoManager ReloadAssembly
Symbol file LoadedFromMemory doesn't match image F:\GitHub\Unity\TPS\GridInventory\GridInventory\Library\PackageCache\com.unity.visualscripting@1.7.8\Editor\VisualScripting.Core\Dependencies\YamlDotNet\Unity.VisualScripting.YamlDotNet.dll
Symbol file LoadedFromMemory doesn't match image F:\GitHub\Unity\TPS\GridInventory\GridInventory\Library\PackageCache\com.unity.visualscripting@1.7.8\Editor\VisualScripting.Core\Dependencies\DotNetZip\Unity.VisualScripting.IonicZip.dll
Native extension for WindowsStandalone target not found
Refreshing native plugins compatible for Editor in 0.68 ms, found 3 plugins.
Preloading 0 native plugins for Editor in 0.00 ms.
Mono: successfully reloaded assembly
- Completed reload, in  0.923 seconds
Domain Reload Profiling:
	ReloadAssembly (924ms)
		BeginReloadAssembly (131ms)
			ExecutionOrderSort (0ms)
			DisableScriptedObjects (5ms)
			BackupInstance (0ms)
			ReleaseScriptingObjects (0ms)
			CreateAndSetChildDomain (31ms)
		EndReloadAssembly (712ms)
			LoadAssemblies (91ms)
			RebuildTransferFunctionScriptingTraits (0ms)
			SetupTypeCache (231ms)
			ReleaseScriptCaches (1ms)
			RebuildScriptCaches (46ms)
			SetupLoadedEditorAssemblies (320ms)
				LogAssemblyErrors (0ms)
				InitializePlatformSupportModulesInManaged (10ms)
				SetLoadedEditorAssemblies (1ms)
				RefreshPlugins (1ms)
				BeforeProcessingInitializeOnLoad (68ms)
				ProcessInitializeOnLoadAttributes (211ms)
				ProcessInitializeOnLoadMethodAttributes (26ms)
				AfterProcessingInitializeOnLoad (3ms)
				EditorAssembliesLoaded (0ms)
			ExecutionOrderSort2 (0ms)
			AwakeInstancesAfterBackupRestoration (6ms)
Platform modules already initialized, skipping
Refreshing native plugins compatible for Editor in 2.30 ms, found 3 plugins.
Preloading 0 native plugins for Editor in 0.00 ms.
Unloading 3543 Unused Serialized files (Serialized files now loaded: 0)
Unloading 18 unused Assets / (24.6 KB). Loaded Objects now: 4065.
Memory consumption went from 125.7 MB to 125.7 MB.
Total: 3.251500 ms (FindLiveObjects: 0.330600 ms CreateObjectMapping: 0.085400 ms MarkObjects: 2.804900 ms  DeleteObjects: 0.029200 ms)

AssetImportParameters requested are different than current active one (requested -> active):
  custom:video-decoder-ogg-theora: a1e56fd34408186e4bbccfd4996cb3dc -> 
  custom:container-muxer-webm: aa71ff27fc2769a1b78a27578f13a17b -> 
  custom:container-demuxer-webm: 4f35f7cbe854078d1ac9338744f61a02 -> 
  custom:video-encoder-webm-vp8: eb34c28f22e8b96e1ab97ce403110664 -> 
  custom:audio-encoder-webm-vorbis: bf7c407c2cedff20999df2af8eb42d56 -> 
  custom:framework-win-MediaFoundation: 216162199b28c13a410421893ffa2e32 -> 
  custom:container-demuxer-ogg: 62fdf1f143b41e24485cea50d1cbac27 -> 
  custom:video-decoder-webm-vp8: 9c59270c3fd7afecdb556c50c9e8de78 -> 
  custom:audio-decoder-ogg-vorbis: bf7c407c2cedff20999df2af8eb42d56 -> 
========================================================================
Received Prepare
Registering precompiled user dll's ...
Registered in 0.005919 seconds.
Begin MonoManager ReloadAssembly
Symbol file LoadedFromMemory doesn't match image F:\GitHub\Unity\TPS\GridInventory\GridInventory\Library\PackageCache\com.unity.visualscripting@1.7.8\Editor\VisualScripting.Core\Dependencies\YamlDotNet\Unity.VisualScripting.YamlDotNet.dll
Symbol file LoadedFromMemory doesn't match image F:\GitHub\Unity\TPS\GridInventory\GridInventory\Library\PackageCache\com.unity.visualscripting@1.7.8\Editor\VisualScripting.Core\Dependencies\DotNetZip\Unity.VisualScripting.IonicZip.dll
Native extension for WindowsStandalone target not found
Refreshing native plugins compatible for Editor in 0.68 ms, found 3 plugins.
Preloading 0 native plugins for Editor in 0.00 ms.
Mono: successfully reloaded assembly
- Completed reload, in  0.920 seconds
Domain Reload Profiling:
	ReloadAssembly (921ms)
		BeginReloadAssembly (132ms)
			ExecutionOrderSort (0ms)
			DisableScriptedObjects (5ms)
			BackupInstance (0ms)
			ReleaseScriptingObjects (0ms)
			CreateAndSetChildDomain (32ms)
		EndReloadAssembly (708ms)
			LoadAssemblies (96ms)
			RebuildTransferFunctionScriptingTraits (0ms)
			SetupTypeCache (243ms)
			ReleaseScriptCaches (1ms)
			RebuildScriptCaches (46ms)
			SetupLoadedEditorAssemblies (301ms)
				LogAssemblyErrors (0ms)
				InitializePlatformSupportModulesInManaged (11ms)
				SetLoadedEditorAssemblies (0ms)
				RefreshPlugins (1ms)
				BeforeProcessingInitializeOnLoad (61ms)
				ProcessInitializeOnLoadAttributes (201ms)
				ProcessInitializeOnLoadMethodAttributes (25ms)
				AfterProcessingInitializeOnLoad (3ms)
				EditorAssembliesLoaded (0ms)
			ExecutionOrderSort2 (0ms)
			AwakeInstancesAfterBackupRestoration (5ms)
Platform modules already initialized, skipping
Refreshing native plugins compatible for Editor in 1.68 ms, found 3 plugins.
Preloading 0 native plugins for Editor in 0.00 ms.
Unloading 3543 Unused Serialized files (Serialized files now loaded: 0)
Unloading 18 unused Assets / (24.6 KB). Loaded Objects now: 4068.
Memory consumption went from 125.7 MB to 125.7 MB.
Total: 2.941700 ms (FindLiveObjects: 0.292900 ms CreateObjectMapping: 0.089100 ms MarkObjects: 2.530300 ms  DeleteObjects: 0.028400 ms)

AssetImportParameters requested are different than current active one (requested -> active):
  custom:video-decoder-ogg-theora: a1e56fd34408186e4bbccfd4996cb3dc -> 
  custom:container-muxer-webm: aa71ff27fc2769a1b78a27578f13a17b -> 
  custom:container-demuxer-webm: 4f35f7cbe854078d1ac9338744f61a02 -> 
  custom:video-encoder-webm-vp8: eb34c28f22e8b96e1ab97ce403110664 -> 
  custom:audio-encoder-webm-vorbis: bf7c407c2cedff20999df2af8eb42d56 -> 
  custom:framework-win-MediaFoundation: 216162199b28c13a410421893ffa2e32 -> 
  custom:container-demuxer-ogg: 62fdf1f143b41e24485cea50d1cbac27 -> 
  custom:video-decoder-webm-vp8: 9c59270c3fd7afecdb556c50c9e8de78 -> 
  custom:audio-decoder-ogg-vorbis: bf7c407c2cedff20999df2af8eb42d56 -> 
========================================================================
Received Import Request.
  Time since last request: 286.884712 seconds.
  path: Assets/GridInventory/Textures/9mm.png
  artifactKey: Guid(519b058634a0a7e42ae0c669df08e2a0) Importer(815301076,1909f56bfc062723c751e8b465ee728b)
Start importing Assets/GridInventory/Textures/9mm.png using Guid(519b058634a0a7e42ae0c669df08e2a0) Importer(815301076,1909f56bfc062723c751e8b465ee728b)  -> (artifact id: '69e78820ba471a1cacc0c9016c68f6d6') in 0.089468 seconds 
========================================================================
Received Import Request.
  Time since last request: 0.000018 seconds.
  path: Assets/GridInventory/Textures/cancel.png
  artifactKey: Guid(769ddde71ea22b24bb22455d92d63ccb) Importer(815301076,1909f56bfc062723c751e8b465ee728b)
Start importing Assets/GridInventory/Textures/cancel.png using Guid(769ddde71ea22b24bb22455d92d63ccb) Importer(815301076,1909f56bfc062723c751e8b465ee728b)  -> (artifact id: 'c914710566092281adf704ec0688f190') in 0.032163 seconds 
========================================================================
Received Import Request.
  Time since last request: 0.000020 seconds.
  path: Assets/GridInventory/Textures/box.png
  artifactKey: Guid(8466da75e3d49fd448179a5e2422e2bd) Importer(815301076,1909f56bfc062723c751e8b465ee728b)
Start importing Assets/GridInventory/Textures/box.png using Guid(8466da75e3d49fd448179a5e2422e2bd) Importer(815301076,1909f56bfc062723c751e8b465ee728b)  -> (artifact id: '78eaae57ffc50b0eafa08058cdc8518e') in 0.051854 seconds 
========================================================================
Received Import Request.
  Time since last request: 6.721507 seconds.
  path: Assets/TextMesh Pro/Resources/Fonts & Materials/LiberationSans SDF - Fallback.asset
  artifactKey: Guid(2e498d1c8094910479dc3e1b768306a4) Importer(815301076,1909f56bfc062723c751e8b465ee728b)
Start importing Assets/TextMesh Pro/Resources/Fonts & Materials/LiberationSans SDF - Fallback.asset using Guid(2e498d1c8094910479dc3e1b768306a4) Importer(815301076,1909f56bfc062723c751e8b465ee728b)  -> (artifact id: '7e6c0735ff847fe25516c53e60be19c1') in 0.081046 seconds 
========================================================================
Received Import Request.
  Time since last request: 0.409885 seconds.
  path: Assets/DANKIE/Ultimate2DWeaponPacks/Ultimate2DModernWeapons/Volume1 - Warfare Weapons/_Shared/Logos/Logo-Pixel-Dark.png
  artifactKey: Guid(af0ac6a4a4e6080438fb870018eb6f85) Importer(815301076,1909f56bfc062723c751e8b465ee728b)
Start importing Assets/DANKIE/Ultimate2DWeaponPacks/Ultimate2DModernWeapons/Volume1 - Warfare Weapons/_Shared/Logos/Logo-Pixel-Dark.png using Guid(af0ac6a4a4e6080438fb870018eb6f85) Importer(815301076,1909f56bfc062723c751e8b465ee728b)  -> (artifact id: '25df2699ca0a0a666bb8f4e97dbd7d45') in 0.034062 seconds 
========================================================================
Received Import Request.
  Time since last request: 0.000021 seconds.
  path: Assets/DANKIE/Ultimate2DWeaponPacks/Ultimate2DModernWeapons/Volume1 - Warfare Weapons/_Shared/Logos/Logo-Style-Light.png
  artifactKey: Guid(b98185657e1198743ba54d2a60e8212d) Importer(815301076,1909f56bfc062723c751e8b465ee728b)
Start importing Assets/DANKIE/Ultimate2DWeaponPacks/Ultimate2DModernWeapons/Volume1 - Warfare Weapons/_Shared/Logos/Logo-Style-Light.png using Guid(b98185657e1198743ba54d2a60e8212d) Importer(815301076,1909f56bfc062723c751e8b465ee728b)  -> (artifact id: 'b725b81faff541fb4ad927d7f1239bb1') in 0.025550 seconds 
========================================================================
Received Import Request.
  Time since last request: 0.000019 seconds.
  path: Assets/DANKIE/Ultimate2DWeaponPacks/Ultimate2DModernWeapons/Volume1 - Warfare Weapons/_Shared/Logos/Logo-WarFare.png
  artifactKey: Guid(ad2a8122c46268a4fb14ae9e735c02d9) Importer(815301076,1909f56bfc062723c751e8b465ee728b)
Start importing Assets/DANKIE/Ultimate2DWeaponPacks/Ultimate2DModernWeapons/Volume1 - Warfare Weapons/_Shared/Logos/Logo-WarFare.png using Guid(ad2a8122c46268a4fb14ae9e735c02d9) Importer(815301076,1909f56bfc062723c751e8b465ee728b)  -> (artifact id: '219766611f30d0295d3ab16f108e7678') in 0.029208 seconds 
========================================================================
Received Import Request.
  Time since last request: 0.000019 seconds.
  path: Assets/DANKIE/Ultimate2DWeaponPacks/Ultimate2DModernWeapons/Volume1 - Warfare Weapons/_Shared/Logos/Logo-Style-Dark.png
  artifactKey: Guid(52799d5dbbca29c48ae91145e01c7a68) Importer(815301076,1909f56bfc062723c751e8b465ee728b)
Start importing Assets/DANKIE/Ultimate2DWeaponPacks/Ultimate2DModernWeapons/Volume1 - Warfare Weapons/_Shared/Logos/Logo-Style-Dark.png using Guid(52799d5dbbca29c48ae91145e01c7a68) Importer(815301076,1909f56bfc062723c751e8b465ee728b)  -> (artifact id: 'cb4fcc6234e606ffe9f428f1ca575ba3') in 0.023562 seconds 
========================================================================
Received Import Request.
  Time since last request: 0.000023 seconds.
  path: Assets/DANKIE/Ultimate2DWeaponPacks/Ultimate2DModernWeapons/Volume1 - Warfare Weapons/Sprites/Pixel/Pixel-AssaultRifle.png
  artifactKey: Guid(53ef668badc38d24dae5733fb696f6d3) Importer(815301076,1909f56bfc062723c751e8b465ee728b)
Start importing Assets/DANKIE/Ultimate2DWeaponPacks/Ultimate2DModernWeapons/Volume1 - Warfare Weapons/Sprites/Pixel/Pixel-AssaultRifle.png using Guid(53ef668badc38d24dae5733fb696f6d3) Importer(815301076,1909f56bfc062723c751e8b465ee728b)  -> (artifact id: 'a0159666aa629e4defb697b5294e01a9') in 0.044695 seconds 
========================================================================
Received Import Request.
  Time since last request: 0.000014 seconds.
  path: Assets/DANKIE/Ultimate2DWeaponPacks/Ultimate2DModernWeapons/Volume1 - Warfare Weapons/Sprites/Pixel/Pixel-Grenade.png
  artifactKey: Guid(530b907458f419240b90d8c6e3855e5a) Importer(815301076,1909f56bfc062723c751e8b465ee728b)
Start importing Assets/DANKIE/Ultimate2DWeaponPacks/Ultimate2DModernWeapons/Volume1 - Warfare Weapons/Sprites/Pixel/Pixel-Grenade.png using Guid(530b907458f419240b90d8c6e3855e5a) Importer(815301076,1909f56bfc062723c751e8b465ee728b)  -> (artifact id: '2c5652624dfb75576ac2b4b02a088be1') in 0.022696 seconds 
========================================================================
Received Import Request.
  Time since last request: 0.000020 seconds.
  path: Assets/DANKIE/Ultimate2DWeaponPacks/Ultimate2DModernWeapons/Volume1 - Warfare Weapons/Sprites/Pixel/Pixel-Rifle.png
  artifactKey: Guid(fa0abfdb66fc16e4da2799735607de16) Importer(815301076,1909f56bfc062723c751e8b465ee728b)
Start importing Assets/DANKIE/Ultimate2DWeaponPacks/Ultimate2DModernWeapons/Volume1 - Warfare Weapons/Sprites/Pixel/Pixel-Rifle.png using Guid(fa0abfdb66fc16e4da2799735607de16) Importer(815301076,1909f56bfc062723c751e8b465ee728b)  -> (artifact id: '6b8239363d22c77c98937c36a9d3d99a') in 0.034075 seconds 
========================================================================
Received Import Request.
  Time since last request: 0.000020 seconds.
  path: Assets/DANKIE/Ultimate2DWeaponPacks/Ultimate2DModernWeapons/Volume1 - Warfare Weapons/Sprites/Pixel/Pixel-Magnum.png
  artifactKey: Guid(8082b919a33b6f44e9bd57f56f765ef2) Importer(815301076,1909f56bfc062723c751e8b465ee728b)
Start importing Assets/DANKIE/Ultimate2DWeaponPacks/Ultimate2DModernWeapons/Volume1 - Warfare Weapons/Sprites/Pixel/Pixel-Magnum.png using Guid(8082b919a33b6f44e9bd57f56f765ef2) Importer(815301076,1909f56bfc062723c751e8b465ee728b)  -> (artifact id: 'ea6c746bc4398f0a70c24df6759a453c') in 0.035815 seconds 
========================================================================
Received Import Request.
  Time since last request: 0.000015 seconds.
  path: Assets/DANKIE/Ultimate2DWeaponPacks/Ultimate2DModernWeapons/Volume1 - Warfare Weapons/Sprites/Pixel/Pixel-Pistol.png
  artifactKey: Guid(99b63c4a223085843a45df31a94dc215) Importer(815301076,1909f56bfc062723c751e8b465ee728b)
Start importing Assets/DANKIE/Ultimate2DWeaponPacks/Ultimate2DModernWeapons/Volume1 - Warfare Weapons/Sprites/Pixel/Pixel-Pistol.png using Guid(99b63c4a223085843a45df31a94dc215) Importer(815301076,1909f56bfc062723c751e8b465ee728b)  -> (artifact id: '7e74c7ee99217ec0f3926f106245be20') in 0.030657 seconds 
========================================================================
Received Import Request.
  Time since last request: 0.000014 seconds.
  path: Assets/DANKIE/Ultimate2DWeaponPacks/Ultimate2DModernWeapons/Volume1 - Warfare Weapons/_Shared/Logos/Logo-Pixel-Light.png
  artifactKey: Guid(0ca3f805648d3744294ceb57f9012304) Importer(815301076,1909f56bfc062723c751e8b465ee728b)
Start importing Assets/DANKIE/Ultimate2DWeaponPacks/Ultimate2DModernWeapons/Volume1 - Warfare Weapons/_Shared/Logos/Logo-Pixel-Light.png using Guid(0ca3f805648d3744294ceb57f9012304) Importer(815301076,1909f56bfc062723c751e8b465ee728b)  -> (artifact id: '13f661e2d92ac524fe2cbcf38d6132c2') in 0.020358 seconds 
========================================================================
Received Import Request.
  Time since last request: 0.000019 seconds.
  path: Assets/DANKIE/Ultimate2DWeaponPacks/Ultimate2DModernWeapons/Volume1 - Warfare Weapons/Sprites/Pixel/Pixel-SMG.png
  artifactKey: Guid(58c00ff8ac5fbbd4fa9b067f29ee42fa) Importer(815301076,1909f56bfc062723c751e8b465ee728b)
Start importing Assets/DANKIE/Ultimate2DWeaponPacks/Ultimate2DModernWeapons/Volume1 - Warfare Weapons/Sprites/Pixel/Pixel-SMG.png using Guid(58c00ff8ac5fbbd4fa9b067f29ee42fa) Importer(815301076,1909f56bfc062723c751e8b465ee728b)  -> (artifact id: '2e1678b8d65f23fd08228e538f59382d') in 0.031877 seconds 
========================================================================
Received Import Request.
  Time since last request: 0.000023 seconds.
  path: Assets/DANKIE/Ultimate2DWeaponPacks/Ultimate2DModernWeapons/Volume1 - Warfare Weapons/Sprites/Pixel/Pixel-FlameThrower.png
  artifactKey: Guid(12acc10a4d4953d43a01206f7cf84ae4) Importer(815301076,1909f56bfc062723c751e8b465ee728b)
Start importing Assets/DANKIE/Ultimate2DWeaponPacks/Ultimate2DModernWeapons/Volume1 - Warfare Weapons/Sprites/Pixel/Pixel-FlameThrower.png using Guid(12acc10a4d4953d43a01206f7cf84ae4) Importer(815301076,1909f56bfc062723c751e8b465ee728b)  -> (artifact id: 'bb5623c0e32eb94caede0b32b4ef7f6e') in 0.049774 seconds 
========================================================================
Received Import Request.
  Time since last request: 0.189881 seconds.
  path: Packages/com.unity.textmeshpro/Editor Resources/Textures/SectionHeader_Dark.psd
  artifactKey: Guid(fb5730e24283d0c489e5c7d0bee023d9) Importer(815301076,1909f56bfc062723c751e8b465ee728b)
Start importing Packages/com.unity.textmeshpro/Editor Resources/Textures/SectionHeader_Dark.psd using Guid(fb5730e24283d0c489e5c7d0bee023d9) Importer(815301076,1909f56bfc062723c751e8b465ee728b)  -> (artifact id: '30ab2ad48db456fbbe6299f036637583') in 0.011715 seconds 
========================================================================
Received Import Request.
  Time since last request: 0.000019 seconds.
  path: Packages/com.unity.textmeshpro/Editor Resources/Textures/SectionHeader_Light.psd
  artifactKey: Guid(e3b0f810fdea84e40ab4ba20f256f7e8) Importer(815301076,1909f56bfc062723c751e8b465ee728b)
Start importing Packages/com.unity.textmeshpro/Editor Resources/Textures/SectionHeader_Light.psd using Guid(e3b0f810fdea84e40ab4ba20f256f7e8) Importer(815301076,1909f56bfc062723c751e8b465ee728b)  -> (artifact id: 'cd0e347b16390ffec3c67bf0c0dea95a') in 0.014077 seconds 
========================================================================
Received Import Request.
  Time since last request: 0.000022 seconds.
  path: Assets/GridInventory/GUI/Square Outline.png
  artifactKey: Guid(d74b707e92c4b2b4eb4023982e975d04) Importer(815301076,1909f56bfc062723c751e8b465ee728b)
Start importing Assets/GridInventory/GUI/Square Outline.png using Guid(d74b707e92c4b2b4eb4023982e975d04) Importer(815301076,1909f56bfc062723c751e8b465ee728b)  -> (artifact id: 'ed9f7fec01c7e8bf64e6bda0453a7c67') in 0.012312 seconds 
========================================================================
Received Import Request.
  Time since last request: 0.017771 seconds.
  path: Assets/DANKIE/Ultimate2DWeaponPacks/Ultimate2DModernWeapons/Volume1 - Warfare Weapons/Sprites/Styled/Styled-AssaultRifle.png
  artifactKey: Guid(f59aa6b06242a4e4e90f8c5ed9560ff6) Importer(815301076,1909f56bfc062723c751e8b465ee728b)
Start importing Assets/DANKIE/Ultimate2DWeaponPacks/Ultimate2DModernWeapons/Volume1 - Warfare Weapons/Sprites/Styled/Styled-AssaultRifle.png using Guid(f59aa6b06242a4e4e90f8c5ed9560ff6) Importer(815301076,1909f56bfc062723c751e8b465ee728b)  -> (artifact id: 'b89b027961fcd9044c14d5de9c2f5a08') in 0.031373 seconds 
========================================================================
Received Import Request.
  Time since last request: 0.000016 seconds.
  path: Assets/DANKIE/Ultimate2DWeaponPacks/Ultimate2DModernWeapons/Volume1 - Warfare Weapons/Sprites/Styled/Styled-Rifle.png
  artifactKey: Guid(9411272ddaed09a48bc25ddac0a6c56d) Importer(815301076,1909f56bfc062723c751e8b465ee728b)
Start importing Assets/DANKIE/Ultimate2DWeaponPacks/Ultimate2DModernWeapons/Volume1 - Warfare Weapons/Sprites/Styled/Styled-Rifle.png using Guid(9411272ddaed09a48bc25ddac0a6c56d) Importer(815301076,1909f56bfc062723c751e8b465ee728b)  -> (artifact id: 'd3df06f43d633c208cc7a485430c76bc') in 0.033423 seconds 
========================================================================
Received Import Request.
  Time since last request: 0.000017 seconds.
  path: Assets/DANKIE/Ultimate2DWeaponPacks/Ultimate2DModernWeapons/Volume1 - Warfare Weapons/Sprites/Styled/Styled-SMG.png
  artifactKey: Guid(5331d3ef704e31f4991c2db49a49390a) Importer(815301076,1909f56bfc062723c751e8b465ee728b)
Start importing Assets/DANKIE/Ultimate2DWeaponPacks/Ultimate2DModernWeapons/Volume1 - Warfare Weapons/Sprites/Styled/Styled-SMG.png using Guid(5331d3ef704e31f4991c2db49a49390a) Importer(815301076,1909f56bfc062723c751e8b465ee728b)  -> (artifact id: '42ad865435f5566ef2cf7ca8137d4562') in 0.037896 seconds 
========================================================================
Received Import Request.
  Time since last request: 0.000018 seconds.
  path: Assets/DANKIE/Ultimate2DWeaponPacks/Ultimate2DModernWeapons/Volume1 - Warfare Weapons/Sprites/Styled/Styled-Grenade.png
  artifactKey: Guid(1f3e56584a9357248b105d4aa53e12a3) Importer(815301076,1909f56bfc062723c751e8b465ee728b)
Start importing Assets/DANKIE/Ultimate2DWeaponPacks/Ultimate2DModernWeapons/Volume1 - Warfare Weapons/Sprites/Styled/Styled-Grenade.png using Guid(1f3e56584a9357248b105d4aa53e12a3) Importer(815301076,1909f56bfc062723c751e8b465ee728b)  -> (artifact id: 'b793a896b669872f28fa82f11e25f59a') in 0.027845 seconds 
========================================================================
Received Import Request.
  Time since last request: 0.000029 seconds.
  path: Assets/DANKIE/Ultimate2DWeaponPacks/Ultimate2DModernWeapons/Volume1 - Warfare Weapons/Sprites/Styled/Styled-FlameThrower.png
  artifactKey: Guid(388aa7717c774d342bf37ade8abca280) Importer(815301076,1909f56bfc062723c751e8b465ee728b)
Start importing Assets/DANKIE/Ultimate2DWeaponPacks/Ultimate2DModernWeapons/Volume1 - Warfare Weapons/Sprites/Styled/Styled-FlameThrower.png using Guid(388aa7717c774d342bf37ade8abca280) Importer(815301076,1909f56bfc062723c751e8b465ee728b)  -> (artifact id: '615e0d2bfbaaeecfc770ac54a115a11e') in 0.053064 seconds 
========================================================================
Received Import Request.
  Time since last request: 0.000016 seconds.
  path: Assets/DANKIE/Ultimate2DWeaponPacks/Ultimate2DModernWeapons/Volume1 - Warfare Weapons/Sprites/Styled/Styled-Magnum.png
  artifactKey: Guid(d2084b8ece52fe646bd3afca8d8fac42) Importer(815301076,1909f56bfc062723c751e8b465ee728b)
Start importing Assets/DANKIE/Ultimate2DWeaponPacks/Ultimate2DModernWeapons/Volume1 - Warfare Weapons/Sprites/Styled/Styled-Magnum.png using Guid(d2084b8ece52fe646bd3afca8d8fac42) Importer(815301076,1909f56bfc062723c751e8b465ee728b)  -> (artifact id: 'acca7d672425ecd0e8bcf57ac34ecdbc') in 0.034175 seconds 
========================================================================
Received Import Request.
  Time since last request: 0.000016 seconds.
  path: Assets/DANKIE/Ultimate2DWeaponPacks/Ultimate2DModernWeapons/Volume1 - Warfare Weapons/Sprites/Styled/Styled-Pistol.png
  artifactKey: Guid(1f8934c21d0cb18419f788a463d77b5d) Importer(815301076,1909f56bfc062723c751e8b465ee728b)
Start importing Assets/DANKIE/Ultimate2DWeaponPacks/Ultimate2DModernWeapons/Volume1 - Warfare Weapons/Sprites/Styled/Styled-Pistol.png using Guid(1f8934c21d0cb18419f788a463d77b5d) Importer(815301076,1909f56bfc062723c751e8b465ee728b)  -> (artifact id: 'b114c3bc3578d5c2690a2c9de1009bdb') in 0.035795 seconds 
========================================================================
Received Import Request.
  Time since last request: 2.443103 seconds.
  path: Packages/com.unity.textmeshpro/Editor Resources/Gizmos/TMP - Dropdown Icon.psd
  artifactKey: Guid(a7ec9e7ad8b847b7ae4510af83c5d868) Importer(815301076,1909f56bfc062723c751e8b465ee728b)
Start importing Packages/com.unity.textmeshpro/Editor Resources/Gizmos/TMP - Dropdown Icon.psd using Guid(a7ec9e7ad8b847b7ae4510af83c5d868) Importer(815301076,1909f56bfc062723c751e8b465ee728b)  -> (artifact id: '99b236ee2f90e67d7676553da7393a51') in 0.017663 seconds 
========================================================================
Received Import Request.
  Time since last request: 0.000020 seconds.
  path: Packages/com.unity.textmeshpro/Editor Resources/Gizmos/TMP - Text Component Icon.psd
  artifactKey: Guid(2fd6421f253b4ef1a19526541f9ffc0c) Importer(815301076,1909f56bfc062723c751e8b465ee728b)
Start importing Packages/com.unity.textmeshpro/Editor Resources/Gizmos/TMP - Text Component Icon.psd using Guid(2fd6421f253b4ef1a19526541f9ffc0c) Importer(815301076,1909f56bfc062723c751e8b465ee728b)  -> (artifact id: '1be63bc7416373c88422aa7e57e2f856') in 0.015112 seconds 
========================================================================
Received Import Request.
  Time since last request: 0.000018 seconds.
  path: Packages/com.unity.textmeshpro/Editor Resources/Gizmos/TMP - Input Field Icon.psd
  artifactKey: Guid(3ee40aa79cd242a5b53b0b0ca4f13f0f) Importer(815301076,1909f56bfc062723c751e8b465ee728b)
Start importing Packages/com.unity.textmeshpro/Editor Resources/Gizmos/TMP - Input Field Icon.psd using Guid(3ee40aa79cd242a5b53b0b0ca4f13f0f) Importer(815301076,1909f56bfc062723c751e8b465ee728b)  -> (artifact id: '7b23229afddccef0e9d38eb3e225bdd7') in 0.015031 seconds 
========================================================================
Received Import Request.
  Time since last request: 0.000026 seconds.
  path: Packages/com.unity.textmeshpro/Editor Resources/Gizmos/TMP - Sprite Asset Icon.psd
  artifactKey: Guid(ec7c645d93308c04d8840982af12101e) Importer(815301076,1909f56bfc062723c751e8b465ee728b)
Start importing Packages/com.unity.textmeshpro/Editor Resources/Gizmos/TMP - Sprite Asset Icon.psd using Guid(ec7c645d93308c04d8840982af12101e) Importer(815301076,1909f56bfc062723c751e8b465ee728b)  -> (artifact id: '6655e02cc72bc602e6a31c3e60a3a1fc') in 0.014687 seconds 
========================================================================
Received Import Request.
  Time since last request: 0.000029 seconds.
  path: Packages/com.unity.textmeshpro/Editor Resources/Gizmos/TMP - Font Asset Icon.psd
  artifactKey: Guid(ee148e281f3c41c5b4ff5f8a5afe5a6c) Importer(815301076,1909f56bfc062723c751e8b465ee728b)
Start importing Packages/com.unity.textmeshpro/Editor Resources/Gizmos/TMP - Font Asset Icon.psd using Guid(ee148e281f3c41c5b4ff5f8a5afe5a6c) Importer(815301076,1909f56bfc062723c751e8b465ee728b)  -> (artifact id: 'cc52b4350dddfb5d6260a2ec963c67e0') in 0.010287 seconds 
========================================================================
Received Import Request.
  Time since last request: 5897.712485 seconds.
  path: Assets/WindowInfo.asset
  artifactKey: Guid(a769a902ac2f114409b7eb1cd4e29c51) Importer(815301076,1909f56bfc062723c751e8b465ee728b)
Start importing Assets/WindowInfo.asset using Guid(a769a902ac2f114409b7eb1cd4e29c51) Importer(815301076,1909f56bfc062723c751e8b465ee728b)  -> (artifact id: 'c0c941833022c3f7a3449d16725fc84c') in 0.038035 seconds 
